#
# A fatal error has been detected by the Java Runtime Environment:
#
#  EXCEPTION_ACCESS_VIOLATION (0xc0000005) at pc=0x000000006ee76520, pid=9448, tid=9296
#
# JRE version: Java(TM) SE Runtime Environment (8.0_25-b18) (build 1.8.0_25-b18)
# Java VM: Java HotSpot(TM) 64-Bit Server VM (25.25-b02 mixed mode windows-amd64 compressed oops)
# Problematic frame:
# C  [xuggle3022808446986628211.dll+0x736520]
#
# Failed to write core dump. Minidumps are not enabled by default on client versions of Windows
#
# If you would like to submit a bug report, please visit:
#   http://bugreport.sun.com/bugreport/crash.jsp
# The crash happened outside the Java Virtual Machine in native code.
# See problematic frame for where to report the bug.
#

---------------  T H R E A D  ---------------

Current thread (0x0000000017eae800):  JavaThread "AWT-EventQueue-0" [_thread_in_native, id=9296, stack(0x000000001b760000,0x000000001b860000)]

siginfo: ExceptionCode=0xc0000005, reading address 0xffffffffffffffff

Registers:
RAX=0x000000001bcc5d10, RBX=0x000000001abd0360, RCX=0x000000001bcc5d10, RDX=0x0000000000000009
RSP=0x000000001b85bc60, RBP=0x000000001bcc5450, RSI=0x000000001bcc6d10, RDI=0x0000000000000004
R8 =0x000000006ee77580, R9 =0x000000006ee76490, R10=0x000000001bc962e0, R11=0x000000001bcabda0
R12=0x000000001bcac5a0, R13=0x0000000000000004, R14=0x0000000000000184, R15=0x000000006fab8f20
RIP=0x000000006ee76520, EFLAGS=0x0000000000010202

Top of Stack: (sp=0x000000001b85bc60)
0x000000001b85bc60:   000000006ee76665 000000006ee774c5
0x000000001b85bc70:   000000006ee77505 000000006ee77545
0x000000001b85bc80:   000000006ee77585 000000006ee79426
0x000000001b85bc90:   000000006fa67a80 000000001bcc5d10
0x000000001b85bca0:   000000001abd2820 000000001a939008
0x000000001b85bcb0:   3fe0000000000000 0000000000000000
0x000000001b85bcc0:   40c7760000000000 0000000000000000
0x000000001b85bcd0:   3fe0000000000000 0000000000000001
0x000000001b85bce0:   000000001abd3820 000000006ea45d24
0x000000001b85bcf0:   3f40624dd2f1a9fc 0000000000000000
0x000000001b85bd00:   0000000000000000 0000000000000000
0x000000001b85bd10:   0000000000000000 0000000000000000
0x000000001b85bd20:   000000001abdc720 000000006fab7320
0x000000001b85bd30:   00000000018a0039 000000001abd02c0
0x000000001b85bd40:   0000000000000001 000000001bcc5450
0x000000001b85bd50:   000000001bcc54d0 0000000000000000 

Instructions: (pc=0x000000006ee76520)
0x000000006ee76500:   c4 e3 5d 0c c0 55 c5 e4 5c c8 c5 e4 58 c0 c5 fc
0x000000006ee76510:   29 01 c5 fc 29 49 20 c3 0f 1f 84 00 00 00 00 00
0x000000006ee76520:   c5 fc 28 51 40 c5 fc 28 59 60 c5 ec 5c fb c5 ec
0x000000006ee76530:   58 d3 c5 c4 57 3d 26 41 84 00 c5 ec c6 df be c5 


Register to memory mapping:

RAX=0x000000001bcc5d10 is an unknown value
RBX=0x000000001abd0360 is an unknown value
RCX=0x000000001bcc5d10 is an unknown value
RDX=0x0000000000000009 is an unknown value
RSP=0x000000001b85bc60 is pointing into the stack for thread: 0x0000000017eae800
RBP=0x000000001bcc5450 is an unknown value
RSI=0x000000001bcc6d10 is an unknown value
RDI=0x0000000000000004 is an unknown value
R8 =0x000000006ee77580 is an unknown value
R9 =0x000000006ee76490 is an unknown value
R10=0x000000001bc962e0 is an unknown value
R11=0x000000001bcabda0 is an unknown value
R12=0x000000001bcac5a0 is an unknown value
R13=0x0000000000000004 is an unknown value
R14=0x0000000000000184 is an unknown value
R15=0x000000006fab8f20 is an unknown value


Stack: [0x000000001b760000,0x000000001b860000],  sp=0x000000001b85bc60,  free space=1007k
Native frames: (J=compiled Java code, j=interpreted, Vv=VM code, C=native code)
C  [xuggle3022808446986628211.dll+0x736520]

Java frames: (J=compiled Java code, j=interpreted, Vv=VM code)
j  com.xuggle.xuggler.XugglerJNI.IContainer_open__SWIG_0(JLcom/xuggle/xuggler/IContainer;Ljava/lang/String;IJLcom/xuggle/xuggler/IContainerFormat;)I+0
j  com.xuggle.xuggler.IContainer.open(Ljava/lang/String;Lcom/xuggle/xuggler/IContainer$Type;Lcom/xuggle/xuggler/IContainerFormat;)I+15
j  videotimecalcualtioncoursera.MainFrame.calculateTime()V+38
j  videotimecalcualtioncoursera.MainFrame.jButtonCalculateActionPerformed(Ljava/awt/event/ActionEvent;)V+1
j  videotimecalcualtioncoursera.MainFrame.access$000(Lvideotimecalcualtioncoursera/MainFrame;Ljava/awt/event/ActionEvent;)V+2
j  videotimecalcualtioncoursera.MainFrame$4.actionPerformed(Ljava/awt/event/ActionEvent;)V+5
j  javax.swing.AbstractButton.fireActionPerformed(Ljava/awt/event/ActionEvent;)V+83
j  javax.swing.AbstractButton$Handler.actionPerformed(Ljava/awt/event/ActionEvent;)V+5
j  javax.swing.DefaultButtonModel.fireActionPerformed(Ljava/awt/event/ActionEvent;)V+34
j  javax.swing.DefaultButtonModel.setPressed(Z)V+117
j  javax.swing.plaf.basic.BasicButtonListener.mouseReleased(Ljava/awt/event/MouseEvent;)V+35
j  java.awt.Component.processMouseEvent(Ljava/awt/event/MouseEvent;)V+64
j  javax.swing.JComponent.processMouseEvent(Ljava/awt/event/MouseEvent;)V+23
J 1275 C1 java.awt.Component.processEvent(Ljava/awt/AWTEvent;)V (220 bytes) @ 0x0000000002e7fb84 [0x0000000002e7f660+0x524]
J 1177 C1 java.awt.Container.processEvent(Ljava/awt/AWTEvent;)V (22 bytes) @ 0x0000000002e2f08c [0x0000000002e2ed60+0x32c]
J 1175 C1 java.awt.Component.dispatchEventImpl(Ljava/awt/AWTEvent;)V (883 bytes) @ 0x0000000002e27bfc [0x0000000002e22720+0x54dc]
J 966 C1 java.awt.Container.dispatchEventImpl(Ljava/awt/AWTEvent;)V (129 bytes) @ 0x0000000002d72744 [0x0000000002d72600+0x144]
J 1113 C1 java.awt.LightweightDispatcher.retargetMouseEvent(Ljava/awt/Component;ILjava/awt/event/MouseEvent;)V (350 bytes) @ 0x0000000002df8ddc [0x0000000002df6880+0x255c]
J 1170 C1 java.awt.LightweightDispatcher.processMouseEvent(Ljava/awt/event/MouseEvent;)Z (301 bytes) @ 0x0000000002e1e7ec [0x0000000002e1d4e0+0x130c]
J 1176 C1 java.awt.LightweightDispatcher.dispatchEvent(Ljava/awt/AWTEvent;)Z (73 bytes) @ 0x0000000002e2e63c [0x0000000002e2e200+0x43c]
J 966 C1 java.awt.Container.dispatchEventImpl(Ljava/awt/AWTEvent;)V (129 bytes) @ 0x0000000002d726e4 [0x0000000002d72600+0xe4]
J 1095 C1 java.awt.Window.dispatchEventImpl(Ljava/awt/AWTEvent;)V (23 bytes) @ 0x0000000002de91a4 [0x0000000002de8bc0+0x5e4]
J 921 C1 java.awt.EventQueue.dispatchEventImpl(Ljava/awt/AWTEvent;Ljava/lang/Object;)V (149 bytes) @ 0x0000000002d5764c [0x0000000002d55fc0+0x168c]
J 919 C1 java.awt.EventQueue$3.run()Ljava/lang/Void; (60 bytes) @ 0x0000000002d5540c [0x0000000002d55200+0x20c]
J 918 C1 java.awt.EventQueue$3.run()Ljava/lang/Object; (5 bytes) @ 0x0000000002d54e8c [0x0000000002d54e00+0x8c]
v  ~StubRoutines::call_stub
J 678  java.security.AccessController.doPrivileged(Ljava/security/PrivilegedAction;Ljava/security/AccessControlContext;)Ljava/lang/Object; (0 bytes) @ 0x0000000002cc88e6 [0x0000000002cc8880+0x66]
J 680 C1 java.security.ProtectionDomain$1.doIntersectionPrivilege(Ljava/security/PrivilegedAction;Ljava/security/AccessControlContext;Ljava/security/AccessControlContext;)Ljava/lang/Object; (32 bytes) @ 0x0000000002cc7edc [0x0000000002cc7be0+0x2fc]
J 1084 C1 java.awt.EventQueue$4.run()Ljava/lang/Object; (5 bytes) @ 0x0000000002de298c [0x0000000002de25a0+0x3ec]
v  ~StubRoutines::call_stub
J 678  java.security.AccessController.doPrivileged(Ljava/security/PrivilegedAction;Ljava/security/AccessControlContext;)Ljava/lang/Object; (0 bytes) @ 0x0000000002cc88e6 [0x0000000002cc8880+0x66]
J 719 C1 java.awt.EventQueue.dispatchEvent(Ljava/awt/AWTEvent;)V (80 bytes) @ 0x0000000002cdc174 [0x0000000002cdb4c0+0xcb4]
J 722 C1 java.awt.EventDispatchThread.pumpOneEventForFilters(I)V (295 bytes) @ 0x0000000002cdf4dc [0x0000000002cdd980+0x1b5c]
j  java.awt.EventDispatchThread.pumpEventsForFilter(ILjava/awt/Conditional;Ljava/awt/EventFilter;)V+35
j  java.awt.EventDispatchThread.pumpEventsForHierarchy(ILjava/awt/Conditional;Ljava/awt/Component;)V+11
j  java.awt.EventDispatchThread.pumpEvents(ILjava/awt/Conditional;)V+4
j  java.awt.EventDispatchThread.pumpEvents(Ljava/awt/Conditional;)V+3
j  java.awt.EventDispatchThread.run()V+9
v  ~StubRoutines::call_stub

---------------  P R O C E S S  ---------------

Java Threads: ( => current thread )
  0x000000001b10a800 JavaThread "TimerQueue" daemon [_thread_blocked, id=3492, stack(0x000000001e150000,0x000000001e250000)]
  0x000000001b092800 JavaThread "D3D Screen Updater" daemon [_thread_blocked, id=3688, stack(0x000000001d260000,0x000000001d360000)]
  0x000000000294d800 JavaThread "DestroyJavaVM" [_thread_blocked, id=2996, stack(0x0000000002690000,0x0000000002790000)]
  0x000000001b003800 JavaThread "Swing-Shell" daemon [_thread_blocked, id=10152, stack(0x000000001bb60000,0x000000001bc60000)]
=>0x0000000017eae800 JavaThread "AWT-EventQueue-0" [_thread_in_native, id=9296, stack(0x000000001b760000,0x000000001b860000)]
  0x0000000017e60000 JavaThread "AWT-Windows" daemon [_thread_in_native, id=8184, stack(0x0000000018390000,0x0000000018490000)]
  0x0000000017e32800 JavaThread "AWT-Shutdown" [_thread_blocked, id=6884, stack(0x0000000018290000,0x0000000018390000)]
  0x0000000017e28000 JavaThread "Java2D Disposer" daemon [_thread_blocked, id=8120, stack(0x0000000018190000,0x0000000018290000)]
  0x00000000162bc000 JavaThread "Service Thread" daemon [_thread_blocked, id=7140, stack(0x0000000017eb0000,0x0000000017fb0000)]
  0x00000000162a3800 JavaThread "C1 CompilerThread2" daemon [_thread_blocked, id=8412, stack(0x00000000179b0000,0x0000000017ab0000)]
  0x0000000016276000 JavaThread "C2 CompilerThread1" daemon [_thread_blocked, id=2256, stack(0x00000000178b0000,0x00000000179b0000)]
  0x0000000016260800 JavaThread "C2 CompilerThread0" daemon [_thread_blocked, id=9108, stack(0x00000000177b0000,0x00000000178b0000)]
  0x000000001625a800 JavaThread "Attach Listener" daemon [_thread_blocked, id=7808, stack(0x00000000176b0000,0x00000000177b0000)]
  0x0000000016259000 JavaThread "Signal Dispatcher" daemon [_thread_blocked, id=7836, stack(0x00000000175b0000,0x00000000176b0000)]
  0x0000000002a45000 JavaThread "Finalizer" daemon [_thread_blocked, id=3888, stack(0x00000000174b0000,0x00000000175b0000)]
  0x0000000016228000 JavaThread "Reference Handler" daemon [_thread_blocked, id=8416, stack(0x00000000173b0000,0x00000000174b0000)]

Other Threads:
  0x0000000016225800 VMThread [stack: 0x00000000172b0000,0x00000000173b0000] [id=1768]
  0x00000000162be800 WatcherThread [stack: 0x0000000017fb0000,0x00000000180b0000] [id=8772]

VM state:not at safepoint (normal execution)

VM Mutex/Monitor currently owned by a thread: None

Heap:
 PSYoungGen      total 28160K, used 14846K [0x00000000e0d00000, 0x00000000e2c00000, 0x0000000100000000)
  eden space 24576K, 60% used [0x00000000e0d00000,0x00000000e1b7f840,0x00000000e2500000)
  from space 3584K, 0% used [0x00000000e2880000,0x00000000e2880000,0x00000000e2c00000)
  to   space 3584K, 0% used [0x00000000e2500000,0x00000000e2500000,0x00000000e2880000)
 ParOldGen       total 64512K, used 0K [0x00000000a2600000, 0x00000000a6500000, 0x00000000e0d00000)
  object space 64512K, 0% used [0x00000000a2600000,0x00000000a2600000,0x00000000a6500000)
 Metaspace       used 14959K, capacity 15136K, committed 15360K, reserved 1062912K
  class space    used 1938K, capacity 1998K, committed 2048K, reserved 1048576K

Card table byte_map: [0x0000000011e10000,0x0000000012100000] byte_map_base: 0x00000000118fd000

Marking Bits: (ParMarkBitMap*) 0x000000005210d490
 Begin Bits: [0x0000000012700000, 0x0000000013e68000)
 End Bits:   [0x0000000013e68000, 0x00000000155d0000)

Polling page: 0x00000000010b0000

CodeCache: size=245760Kb used=4646Kb max_used=4658Kb free=241113Kb
 bounds [0x0000000002a50000, 0x0000000002ee0000, 0x0000000011a50000]
 total_blobs=2002 nmethods=1416 adapters=498
 compilation: enabled

Compilation events (10 events):
Event: 11.670 Thread 0x00000000162a3800 1412       3       java.util.Properties::getProperty (46 bytes)
Event: 11.670 Thread 0x00000000162a3800 nmethod 1412 0x0000000002ed35d0 code [0x0000000002ed3760, 0x0000000002ed3c78]
Event: 11.671 Thread 0x00000000162a3800 1413       3       java.lang.ClassLoader::loadClass (7 bytes)
Event: 11.671 Thread 0x00000000162a3800 nmethod 1413 0x0000000002ed7290 code [0x0000000002ed7400, 0x0000000002ed7628]
Event: 11.677 Thread 0x00000000162a3800 1414       3       sun.misc.Launcher$AppClassLoader::loadClass (40 bytes)
Event: 11.678 Thread 0x00000000162a3800 nmethod 1414 0x0000000002ed6510 code [0x0000000002ed66c0, 0x0000000002ed6c78]
Event: 11.680 Thread 0x0000000016276000 1415       4       java.lang.String::indexOf (166 bytes)
Event: 11.688 Thread 0x00000000162a3800 1416       3       sun.util.calendar.CalendarDate::setNormalized (6 bytes)
Event: 11.688 Thread 0x00000000162a3800 nmethod 1416 0x0000000002ed8750 code [0x0000000002ed88a0, 0x0000000002ed89f0]
Event: 11.688 Thread 0x0000000016276000 nmethod 1415 0x0000000002ede1d0 code [0x0000000002ede320, 0x0000000002ede738]

GC Heap History (0 events):
No events

Deoptimization events (10 events):
Event: 0.543 Thread 0x000000000294d800 Uncommon trap: reason=bimorphic action=maybe_recompile pc=0x0000000002c6f220 method=java.util.HashMap.getNode(ILjava/lang/Object;)Ljava/util/HashMap$Node; @ 59
Event: 1.823 Thread 0x0000000017eae800 Uncommon trap: reason=class_check action=maybe_recompile pc=0x0000000002bf469c method=java.lang.String.equals(Ljava/lang/Object;)Z @ 8
Event: 1.831 Thread 0x0000000017eae800 Uncommon trap: reason=class_check action=maybe_recompile pc=0x0000000002bf469c method=java.lang.String.equals(Ljava/lang/Object;)Z @ 8
Event: 1.831 Thread 0x0000000017eae800 Uncommon trap: reason=class_check action=maybe_recompile pc=0x0000000002bf469c method=java.lang.String.equals(Ljava/lang/Object;)Z @ 8
Event: 1.831 Thread 0x0000000017eae800 Uncommon trap: reason=class_check action=maybe_recompile pc=0x0000000002bf469c method=java.lang.String.equals(Ljava/lang/Object;)Z @ 8
Event: 5.705 Thread 0x0000000017eae800 Uncommon trap: reason=bimorphic action=maybe_recompile pc=0x0000000002c6f220 method=java.util.HashMap.getNode(ILjava/lang/Object;)Ljava/util/HashMap$Node; @ 59
Event: 9.226 Thread 0x0000000017eae800 Uncommon trap: reason=bimorphic action=maybe_recompile pc=0x0000000002e6402c method=java.util.HashMap.getNode(ILjava/lang/Object;)Ljava/util/HashMap$Node; @ 126
Event: 9.229 Thread 0x0000000017eae800 Uncommon trap: reason=bimorphic action=maybe_recompile pc=0x0000000002e6402c method=java.util.HashMap.getNode(ILjava/lang/Object;)Ljava/util/HashMap$Node; @ 126
Event: 9.229 Thread 0x0000000017eae800 Uncommon trap: reason=bimorphic action=maybe_recompile pc=0x0000000002c68b30 method=java.util.HashMap.getNode(ILjava/lang/Object;)Ljava/util/HashMap$Node; @ 59
Event: 11.696 Thread 0x0000000017eae800 Uncommon trap: reason=unreached action=reinterpret pc=0x0000000002e929fc method=java.security.AccessControlContext.combine([Ljava/security/ProtectionDomain;[Ljava/security/ProtectionDomain;)[Ljava/security/ProtectionDomain; @ 11

Internal exceptions (10 events):
Event: 11.675 Thread 0x0000000017eae800 Exception <a 'java/security/PrivilegedActionException'> (0x00000000e1b431c0) thrown at [D:\re\workspace\8-2-build-windows-amd64-cygwin\jdk8u25\1677\hotspot\src\share\vm\prims\jvm.cpp, line 1312]
Event: 11.676 Thread 0x0000000017eae800 Exception <a 'java/security/PrivilegedActionException'> (0x00000000e1b45600) thrown at [D:\re\workspace\8-2-build-windows-amd64-cygwin\jdk8u25\1677\hotspot\src\share\vm\prims\jvm.cpp, line 1312]
Event: 11.677 Thread 0x0000000017eae800 Exception <a 'java/security/PrivilegedActionException'> (0x00000000e1b4af98) thrown at [D:\re\workspace\8-2-build-windows-amd64-cygwin\jdk8u25\1677\hotspot\src\share\vm\prims\jvm.cpp, line 1312]
Event: 11.680 Thread 0x0000000017eae800 Exception <a 'java/security/PrivilegedActionException'> (0x00000000e1b59658) thrown at [D:\re\workspace\8-2-build-windows-amd64-cygwin\jdk8u25\1677\hotspot\src\share\vm\prims\jvm.cpp, line 1312]
Event: 11.681 Thread 0x0000000017eae800 Exception <a 'java/security/PrivilegedActionException'> (0x00000000e1b5d170) thrown at [D:\re\workspace\8-2-build-windows-amd64-cygwin\jdk8u25\1677\hotspot\src\share\vm\prims\jvm.cpp, line 1312]
Event: 11.682 Thread 0x0000000017eae800 Exception <a 'java/security/PrivilegedActionException'> (0x00000000e1b5f640) thrown at [D:\re\workspace\8-2-build-windows-amd64-cygwin\jdk8u25\1677\hotspot\src\share\vm\prims\jvm.cpp, line 1312]
Event: 11.683 Thread 0x0000000017eae800 Exception <a 'java/security/PrivilegedActionException'> (0x00000000e1b61ad0) thrown at [D:\re\workspace\8-2-build-windows-amd64-cygwin\jdk8u25\1677\hotspot\src\share\vm\prims\jvm.cpp, line 1312]
Event: 11.686 Thread 0x0000000017eae800 Exception <a 'java/security/PrivilegedActionException'> (0x00000000e1b66d40) thrown at [D:\re\workspace\8-2-build-windows-amd64-cygwin\jdk8u25\1677\hotspot\src\share\vm\prims\jvm.cpp, line 1312]
Event: 11.687 Thread 0x0000000017eae800 Exception <a 'java/security/PrivilegedActionException'> (0x00000000e1b6a560) thrown at [D:\re\workspace\8-2-build-windows-amd64-cygwin\jdk8u25\1677\hotspot\src\share\vm\prims\jvm.cpp, line 1312]
Event: 11.688 Thread 0x0000000017eae800 Exception <a 'java/security/PrivilegedActionException'> (0x00000000e1b6cc78) thrown at [D:\re\workspace\8-2-build-windows-amd64-cygwin\jdk8u25\1677\hotspot\src\share\vm\prims\jvm.cpp, line 1312]

Events (10 events):
Event: 11.682 loading class com/xuggle/xuggler/Global done
Event: 11.686 loading class com/xuggle/xuggler/IContainer$Type
Event: 11.686 loading class com/xuggle/xuggler/IContainer$Type done
Event: 11.687 loading class com/xuggle/xuggler/IContainer$Type$SwigNext
Event: 11.687 loading class com/xuggle/xuggler/IContainer$Type$SwigNext done
Event: 11.688 loading class com/xuggle/xuggler/IContainerFormat
Event: 11.688 loading class com/xuggle/xuggler/IContainerFormat done
Event: 11.696 Thread 0x0000000017eae800 Uncommon trap: trap_request=0xffffffad fr.pc=0x0000000002e929fc
Event: 11.696 Thread 0x0000000017eae800 DEOPT PACKING pc=0x0000000002e929fc sp=0x000000001b85ba60
Event: 11.696 Thread 0x0000000017eae800 DEOPT UNPACKING pc=0x0000000002a9556a sp=0x000000001b85b988 mode 2


Dynamic libraries:
0x00007ff7c01e0000 - 0x00007ff7c0214000 	C:\Program Files\Java\jdk1.8.0_25\bin\java.exe
0x00007ffe794b0000 - 0x00007ffe79671000 	C:\WINDOWS\SYSTEM32\ntdll.dll
0x00007ffe78930000 - 0x00007ffe789dd000 	C:\WINDOWS\system32\KERNEL32.DLL
0x00007ffe769a0000 - 0x00007ffe76b7d000 	C:\WINDOWS\system32\KERNELBASE.dll
0x00007ffe78a00000 - 0x00007ffe78aa6000 	C:\WINDOWS\system32\ADVAPI32.dll
0x00007ffe78d90000 - 0x00007ffe78e2d000 	C:\WINDOWS\system32\msvcrt.dll
0x00007ffe78b20000 - 0x00007ffe78b7b000 	C:\WINDOWS\system32\sechost.dll
0x00007ffe77010000 - 0x00007ffe77136000 	C:\WINDOWS\system32\RPCRT4.dll
0x00007ffe78e30000 - 0x00007ffe78f7e000 	C:\WINDOWS\system32\USER32.dll
0x00007ffe77270000 - 0x00007ffe773f6000 	C:\WINDOWS\system32\GDI32.dll
0x00007ffe6aad0000 - 0x00007ffe6ad44000 	C:\WINDOWS\WinSxS\amd64_microsoft.windows.common-controls_6595b64144ccf1df_6.0.10240.16384_none_f41f7b285750ef43\COMCTL32.dll
0x00007ffe76cb0000 - 0x00007ffe76ce6000 	C:\WINDOWS\system32\IMM32.DLL
0x00007ffe76cf0000 - 0x00007ffe76e4c000 	C:\WINDOWS\system32\MSCTF.dll
0x0000000051850000 - 0x0000000051922000 	C:\Program Files\Java\jdk1.8.0_25\jre\bin\msvcr100.dll
0x0000000051930000 - 0x000000005218a000 	C:\Program Files\Java\jdk1.8.0_25\jre\bin\server\jvm.dll
0x00007ffe76ca0000 - 0x00007ffe76ca8000 	C:\WINDOWS\system32\PSAPI.DLL
0x00007ffe6f2a0000 - 0x00007ffe6f2a9000 	C:\WINDOWS\SYSTEM32\WSOCK32.dll
0x00007ffe78ab0000 - 0x00007ffe78b19000 	C:\WINDOWS\system32\WS2_32.dll
0x00007ffe76b80000 - 0x00007ffe76b88000 	C:\WINDOWS\system32\NSI.dll
0x00007ffe74420000 - 0x00007ffe74443000 	C:\WINDOWS\SYSTEM32\WINMM.dll
0x00007ffe743f0000 - 0x00007ffe7441c000 	C:\WINDOWS\SYSTEM32\WINMMBASE.dll
0x00007ffe76950000 - 0x00007ffe76994000 	C:\WINDOWS\system32\cfgmgr32.dll
0x00007ffe74850000 - 0x00007ffe74877000 	C:\WINDOWS\SYSTEM32\DEVOBJ.dll
0x0000000051800000 - 0x000000005180f000 	C:\Program Files\Java\jdk1.8.0_25\jre\bin\verify.dll
0x00000000517d0000 - 0x00000000517f8000 	C:\Program Files\Java\jdk1.8.0_25\jre\bin\java.dll
0x00000000517b0000 - 0x00000000517c6000 	C:\Program Files\Java\jdk1.8.0_25\jre\bin\zip.dll
0x00007ffe77400000 - 0x00007ffe78922000 	C:\WINDOWS\system32\SHELL32.dll
0x00007ffe76320000 - 0x00007ffe76949000 	C:\WINDOWS\system32\windows.storage.dll
0x00007ffe79230000 - 0x00007ffe794ac000 	C:\WINDOWS\system32\combase.dll
0x00007ffe76c40000 - 0x00007ffe76c91000 	C:\WINDOWS\system32\shlwapi.dll
0x00007ffe75f20000 - 0x00007ffe75f2f000 	C:\WINDOWS\system32\kernel.appcore.dll
0x00007ffe76200000 - 0x00007ffe762b3000 	C:\WINDOWS\system32\shcore.dll
0x00007ffe75f30000 - 0x00007ffe75f7a000 	C:\WINDOWS\system32\powrprof.dll
0x00007ffe75f00000 - 0x00007ffe75f13000 	C:\WINDOWS\system32\profapi.dll
0x00000000515d0000 - 0x0000000051768000 	C:\Program Files\Java\jdk1.8.0_25\jre\bin\awt.dll
0x00007ffe78cd0000 - 0x00007ffe78d8e000 	C:\WINDOWS\system32\OLEAUT32.dll
0x00007ffe74630000 - 0x00007ffe746a8000 	C:\WINDOWS\system32\apphelp.dll
0x00007ffe6be00000 - 0x00007ffe6be22000 	C:\WINDOWS\system32\DWMAPI.DLL
0x00007ffe747b0000 - 0x00007ffe74846000 	C:\WINDOWS\system32\uxtheme.dll
0x00007ffe78b80000 - 0x00007ffe78cc1000 	C:\WINDOWS\system32\ole32.dll
0x00007ffe75d00000 - 0x00007ffe75d6b000 	C:\WINDOWS\SYSTEM32\bcryptPrimitives.dll
0x00007ffe54b60000 - 0x00007ffe54d70000 	C:\WINDOWS\system32\d3d9.dll
0x00007ffe49750000 - 0x00007ffe4a1be000 	C:\WINDOWS\SYSTEM32\igdumdim64.dll
0x00007ffe6c3a0000 - 0x00007ffe6c7ff000 	C:\WINDOWS\SYSTEM32\igdusc64.dll
0x00007ffe6b000000 - 0x00007ffe6b0aa000 	C:\WINDOWS\WinSxS\amd64_microsoft.windows.common-controls_6595b64144ccf1df_5.82.10240.16384_none_0212ec7eba871e86\comctl32.dll
0x0000000051580000 - 0x00000000515c7000 	C:\Program Files\Java\jdk1.8.0_25\jre\bin\fontmanager.dll
0x0000000051790000 - 0x00000000517aa000 	C:\Program Files\Java\jdk1.8.0_25\jre\bin\net.dll
0x00007ffe756f0000 - 0x00007ffe7574d000 	C:\WINDOWS\system32\mswsock.dll
0x0000000051770000 - 0x0000000051781000 	C:\Program Files\Java\jdk1.8.0_25\jre\bin\nio.dll
0x0000000051530000 - 0x0000000051571000 	C:\Program Files\Java\jdk1.8.0_25\jre\bin\t2k.dll
0x00007ffe76b90000 - 0x00007ffe76c35000 	C:\WINDOWS\system32\clbcatq.dll
0x00007ffe740a0000 - 0x00007ffe74223000 	C:\WINDOWS\SYSTEM32\PROPSYS.dll
0x00007ffe75750000 - 0x00007ffe75767000 	C:\WINDOWS\SYSTEM32\cryptsp.dll
0x00007ffe75e10000 - 0x00007ffe75e38000 	C:\WINDOWS\SYSTEM32\bcrypt.dll
0x00007ffe753a0000 - 0x00007ffe753d3000 	C:\WINDOWS\system32\rsaenh.dll
0x00007ffe758c0000 - 0x00007ffe758cb000 	C:\WINDOWS\SYSTEM32\CRYPTBASE.dll
0x00007ffe66e30000 - 0x00007ffe6729a000 	C:\Windows\System32\ActXPrxy.dll
0x00007ffe61bd0000 - 0x00007ffe61d72000 	C:\WINDOWS\system32\NetworkExplorer.dll
0x00007ffe74f20000 - 0x00007ffe74f3c000 	C:\WINDOWS\SYSTEM32\MPR.dll
0x00007ffe67ab0000 - 0x00007ffe67abb000 	C:\WINDOWS\System32\drprov.dll
0x00007ffe75ca0000 - 0x00007ffe75cf8000 	C:\WINDOWS\System32\WINSTA.dll
0x00007ffe65d30000 - 0x00007ffe65d46000 	C:\WINDOWS\System32\ntlanman.dll
0x00007ffe65a70000 - 0x00007ffe65a90000 	C:\WINDOWS\System32\davclnt.dll
0x00007ffe67420000 - 0x00007ffe6742c000 	C:\WINDOWS\System32\DAVHLPR.dll
0x00007ffe72a40000 - 0x00007ffe72a56000 	C:\WINDOWS\System32\wkscli.dll
0x00007ffe6a130000 - 0x00007ffe6a142000 	C:\WINDOWS\SYSTEM32\cscapi.dll
0x00007ffe74f40000 - 0x00007ffe74f4c000 	C:\WINDOWS\System32\netutils.dll
0x00007ffe65bb0000 - 0x00007ffe65c2f000 	C:\Windows\System32\dlnashext.dll
0x00007ffe55210000 - 0x00007ffe55281000 	C:\Windows\System32\PlayToDevice.dll
0x00007ffe675e0000 - 0x00007ffe675fe000 	C:\Windows\System32\DevDispItemProvider.dll
0x00007ffe72cc0000 - 0x00007ffe72d32000 	C:\WINDOWS\System32\MMDevApi.dll
0x00007ffe59bd0000 - 0x00007ffe59dd3000 	C:\WINDOWS\system32\wpdshext.dll
0x00007ffe6ad50000 - 0x00007ffe6aef9000 	C:\WINDOWS\WinSxS\amd64_microsoft.windows.gdiplus_6595b64144ccf1df_1.1.10240.16384_none_89a94c179af51f83\gdiplus.dll
0x00007ffe738c0000 - 0x00007ffe73961000 	C:\Windows\System32\PortableDeviceApi.dll
0x00007ffe78f80000 - 0x00007ffe79145000 	C:\WINDOWS\system32\SETUPAPI.dll
0x00007ffe762c0000 - 0x00007ffe76314000 	C:\WINDOWS\system32\WINTRUST.dll
0x00007ffe75ee0000 - 0x00007ffe75ef1000 	C:\WINDOWS\system32\MSASN1.dll
0x00007ffe75f80000 - 0x00007ffe76141000 	C:\WINDOWS\system32\CRYPT32.dll
0x00007ffe5cf30000 - 0x00007ffe5cf67000 	C:\Windows\System32\EhStorShell.dll
0x00007ffe68cd0000 - 0x00007ffe68cf6000 	C:\Windows\System32\EhStorAPI.dll
0x00007ffe74230000 - 0x00007ffe74243000 	C:\Windows\System32\WTSAPI32.dll
0x00007ffe6b8a0000 - 0x00007ffe6ba52000 	C:\WINDOWS\SYSTEM32\WindowsCodecs.dll
0x00007ffe5ee40000 - 0x00007ffe5ee86000 	C:\WINDOWS\system32\dataexchange.dll
0x00007ffe6be50000 - 0x00007ffe6c395000 	C:\WINDOWS\system32\d2d1.dll
0x00007ffe6d3b0000 - 0x00007ffe6d653000 	C:\WINDOWS\system32\d3d11.dll
0x00007ffe73fc0000 - 0x00007ffe74091000 	C:\WINDOWS\system32\dcomp.dll
0x00007ffe6d660000 - 0x00007ffe6d6fc000 	C:\WINDOWS\system32\dxgi.dll
0x00007ffe748a0000 - 0x00007ffe7498e000 	C:\WINDOWS\system32\twinapi.appcore.dll
0x00007ffe75490000 - 0x00007ffe754af000 	C:\WINDOWS\system32\USERENV.dll
0x00007ffe73f10000 - 0x00007ffe73f48000 	C:\WINDOWS\SYSTEM32\IPHLPAPI.DLL
0x00007ffe73eb0000 - 0x00007ffe73ebb000 	C:\WINDOWS\SYSTEM32\WINNSI.DLL
0x00007ffe72e20000 - 0x00007ffe72e36000 	C:\WINDOWS\SYSTEM32\dhcpcsvc6.DLL
0x00007ffe72d90000 - 0x00007ffe72daa000 	C:\WINDOWS\SYSTEM32\dhcpcsvc.DLL
0x000000006e740000 - 0x000000006fda5000 	C:\Users\Enamul\AppData\Local\Temp\xuggle\xuggle3022808446986628211.dll
0x00007ffe64d00000 - 0x00007ffe64d18000 	C:\WINDOWS\SYSTEM32\AVICAP32.dll
0x00007ffe56d80000 - 0x00007ffe56da9000 	C:\WINDOWS\SYSTEM32\MSVFW32.dll
0x00007ffe72330000 - 0x00007ffe724ba000 	C:\WINDOWS\SYSTEM32\dbghelp.dll

VM Arguments:
jvm_args: -Dfile.encoding=UTF-8 
java_command: videotimecalcualtioncoursera.VideoTimeCalcualtionCoursera
java_class_path (initial): H:\Dropbox\JavaProjects\VideoTimeCalcualtionCoursera\xuggle-xuggler-5.4.jar;H:\Dropbox\JavaProjects\VideoTimeCalcualtionCoursera\slf4j-api-1.6.4.jar;H:\Dropbox\JavaProjects\VideoTimeCalcualtionCoursera\logback-core-1.0.6.jar;H:\Dropbox\JavaProjects\VideoTimeCalcualtionCoursera\log4j-1.2.16.jar;H:\Dropbox\JavaProjects\VideoTimeCalcualtionCoursera\slf4j-simple-1.7.6.jar;H:\Dropbox\JavaProjects\VideoTimeCalcualtionCoursera\build\classes
Launcher Type: SUN_STANDARD

Environment Variables:
JAVA_HOME=C:\Program Files\Java\jdk1.8.0_25
CLASSPATH=C:\Program Files (x86)\JMF2.1.1e\lib\sound.jar;C:\Program Files (x86)\JMF2.1.1e\lib\jmf.jar;C:\Program Files (x86)\JMF2.1.1e\lib;%CATALINA_HOME%\lib\servlet-api.jar
PATH=C:\GnuWin32\bin;C:\ProgramData\Oracle\Java\javapath;C:\Windows\system32;C:\Windows;C:\Windows\System32\Wbem;C:\Windows\System32\WindowsPowerShell\v1.0\;E:\pc2-9.2.4-2837\pc2-9.2.4\bin;C:\Program Files (x86)\CodeBlocks\MinGW\bin;C:\Program Files\Java\jdk1.8.0_25\bin;F:\3-2\CSE_374\glut-3.7.6-bin\lib;F:\3-2\CSE_374\glsdk_0_5_2\freeglut;C:\Program Files (x86)\MySQL\MySQL Server 5.1\bin;C:\Python34;C:\Program Files\apache-maven-3.3.1\bin;C:\Program Files (x86)\MiKTeX 2.9\miktex\bin\;D:\Program Files\MATLAB\R2015a\bin;C:\WINDOWS\system32;C:\WINDOWS;C:\WINDOWS\System32\Wbem;C:\WINDOWS\System32\WindowsPowerShell\v1.0\;C:\Program Files (x86)\Common Files\lenovo\easyplussdk\bin;C:\Program Files (x86)\Skype\Phone\
USERNAME=Enamul
OS=Windows_NT
PROCESSOR_IDENTIFIER=Intel64 Family 6 Model 58 Stepping 9, GenuineIntel



---------------  S Y S T E M  ---------------

OS: Windows 8.1 , 64 bit Build 9600 

CPU:total 4 (2 cores per cpu, 2 threads per core) family 6 model 58 stepping 9, cmov, cx8, fxsr, mmx, sse, sse2, sse3, ssse3, sse4.1, sse4.2, popcnt, avx, aes, clmul, erms, ht, tsc, tscinvbit, tscinv

Memory: 4k page, physical 6135200k(2747168k free), swap 10329504k(4289436k free)

vm_info: Java HotSpot(TM) 64-Bit Server VM (25.25-b02) for windows-amd64 JRE (1.8.0_25-b18), built on Oct  7 2014 14:25:37 by "java_re" with MS VC++ 10.0 (VS2010)

time: Tue Sep 01 00:02:19 2015
elapsed time: 11 seconds (0d 0h 0m 11s)

