#
# A fatal error has been detected by the Java Runtime Environment:
#
#  EXCEPTION_ACCESS_VIOLATION (0xc0000005) at pc=0x000000006ee76520, pid=2264, tid=8368
#
# JRE version: Java(TM) SE Runtime Environment (8.0_25-b18) (build 1.8.0_25-b18)
# Java VM: Java HotSpot(TM) 64-Bit Server VM (25.25-b02 mixed mode windows-amd64 compressed oops)
# Problematic frame:
# C  [xuggle9145956693709653124.dll+0x736520]
#
# Failed to write core dump. Minidumps are not enabled by default on client versions of Windows
#
# If you would like to submit a bug report, please visit:
#   http://bugreport.sun.com/bugreport/crash.jsp
# The crash happened outside the Java Virtual Machine in native code.
# See problematic frame for where to report the bug.
#

---------------  T H R E A D  ---------------

Current thread (0x0000000017cf0000):  JavaThread "AWT-EventQueue-0" [_thread_in_native, id=8368, stack(0x0000000018ea0000,0x0000000018fa0000)]

siginfo: ExceptionCode=0xc0000005, reading address 0xffffffffffffffff

Registers:
RAX=0x000000001bcbf9b0, RBX=0x000000001f4bdaa0, RCX=0x000000001bcbf9b0, RDX=0x0000000000000009
RSP=0x0000000018f9bc00, RBP=0x000000001bcbf0f0, RSI=0x000000001bcc09b0, RDI=0x0000000000000004
R8 =0x000000006ee77580, R9 =0x000000006ee76490, R10=0x0000000018ca46b0, R11=0x000000001bca54a0
R12=0x000000001bca5ca0, R13=0x0000000000000004, R14=0x0000000000000184, R15=0x000000006fab8f20
RIP=0x000000006ee76520, EFLAGS=0x0000000000010202

Top of Stack: (sp=0x0000000018f9bc00)
0x0000000018f9bc00:   000000006ee76665 000000006ee774c5
0x0000000018f9bc10:   000000006ee77505 000000006ee77545
0x0000000018f9bc20:   000000006ee77585 000000006ee79426
0x0000000018f9bc30:   000000006fa67a80 000000001bcbf9b0
0x0000000018f9bc40:   000000001f4bff60 0000000018a74480
0x0000000018f9bc50:   3fe0000000000000 0000000000000000
0x0000000018f9bc60:   40c7760000000000 0000000000000000
0x0000000018f9bc70:   3fe0000000000000 0000000000000001
0x0000000018f9bc80:   000000001f4c0f60 000000006ea45d24
0x0000000018f9bc90:   3f40624dd2f1a9fc 0000000000000000
0x0000000018f9bca0:   0000000000000000 0000000000000000
0x0000000018f9bcb0:   0000000000000000 0000000000000000
0x0000000018f9bcc0:   000000001f4c9e60 000000006fab7320
0x0000000018f9bcd0:   00000000019e0015 000000001f4bda00
0x0000000018f9bce0:   0000000000000001 000000001bcbf0f0
0x0000000018f9bcf0:   000000001bcbf170 0000000000000000 

Instructions: (pc=0x000000006ee76520)
0x000000006ee76500:   c4 e3 5d 0c c0 55 c5 e4 5c c8 c5 e4 58 c0 c5 fc
0x000000006ee76510:   29 01 c5 fc 29 49 20 c3 0f 1f 84 00 00 00 00 00
0x000000006ee76520:   c5 fc 28 51 40 c5 fc 28 59 60 c5 ec 5c fb c5 ec
0x000000006ee76530:   58 d3 c5 c4 57 3d 26 41 84 00 c5 ec c6 df be c5 


Register to memory mapping:

RAX=0x000000001bcbf9b0 is an unknown value
RBX=0x000000001f4bdaa0 is an unknown value
RCX=0x000000001bcbf9b0 is an unknown value
RDX=0x0000000000000009 is an unknown value
RSP=0x0000000018f9bc00 is pointing into the stack for thread: 0x0000000017cf0000
RBP=0x000000001bcbf0f0 is an unknown value
RSI=0x000000001bcc09b0 is an unknown value
RDI=0x0000000000000004 is an unknown value
R8 =0x000000006ee77580 is an unknown value
R9 =0x000000006ee76490 is an unknown value
R10=0x0000000018ca46b0 is an unknown value
R11=0x000000001bca54a0 is an unknown value
R12=0x000000001bca5ca0 is an unknown value
R13=0x0000000000000004 is an unknown value
R14=0x0000000000000184 is an unknown value
R15=0x000000006fab8f20 is an unknown value


Stack: [0x0000000018ea0000,0x0000000018fa0000],  sp=0x0000000018f9bc00,  free space=1007k
Native frames: (J=compiled Java code, j=interpreted, Vv=VM code, C=native code)
C  [xuggle9145956693709653124.dll+0x736520]

Java frames: (J=compiled Java code, j=interpreted, Vv=VM code)
j  com.xuggle.xuggler.XugglerJNI.IContainer_open__SWIG_0(JLcom/xuggle/xuggler/IContainer;Ljava/lang/String;IJLcom/xuggle/xuggler/IContainerFormat;)I+0
j  com.xuggle.xuggler.IContainer.open(Ljava/lang/String;Lcom/xuggle/xuggler/IContainer$Type;Lcom/xuggle/xuggler/IContainerFormat;)I+15
j  videotimecalcualtioncoursera.MainFrame.calculateTime()V+38
j  videotimecalcualtioncoursera.MainFrame.jButtonCalculateActionPerformed(Ljava/awt/event/ActionEvent;)V+1
j  videotimecalcualtioncoursera.MainFrame.access$000(Lvideotimecalcualtioncoursera/MainFrame;Ljava/awt/event/ActionEvent;)V+2
j  videotimecalcualtioncoursera.MainFrame$4.actionPerformed(Ljava/awt/event/ActionEvent;)V+5
j  javax.swing.AbstractButton.fireActionPerformed(Ljava/awt/event/ActionEvent;)V+83
j  javax.swing.AbstractButton$Handler.actionPerformed(Ljava/awt/event/ActionEvent;)V+5
j  javax.swing.DefaultButtonModel.fireActionPerformed(Ljava/awt/event/ActionEvent;)V+34
j  javax.swing.DefaultButtonModel.setPressed(Z)V+117
j  javax.swing.plaf.basic.BasicButtonListener.mouseReleased(Ljava/awt/event/MouseEvent;)V+35
j  java.awt.Component.processMouseEvent(Ljava/awt/event/MouseEvent;)V+64
j  javax.swing.JComponent.processMouseEvent(Ljava/awt/event/MouseEvent;)V+23
J 1665 C1 java.awt.Component.processEvent(Ljava/awt/AWTEvent;)V (220 bytes) @ 0x0000000002e04e84 [0x0000000002e04960+0x524]
J 1490 C1 java.awt.Container.processEvent(Ljava/awt/AWTEvent;)V (22 bytes) @ 0x0000000002d840cc [0x0000000002d83da0+0x32c]
J 1489 C1 java.awt.Component.dispatchEventImpl(Ljava/awt/AWTEvent;)V (883 bytes) @ 0x0000000002d8ac3c [0x0000000002d85760+0x54dc]
J 1056 C1 java.awt.Container.dispatchEventImpl(Ljava/awt/AWTEvent;)V (129 bytes) @ 0x0000000002c38ec4 [0x0000000002c38d80+0x144]
J 1483 C1 java.awt.LightweightDispatcher.retargetMouseEvent(Ljava/awt/Component;ILjava/awt/event/MouseEvent;)V (350 bytes) @ 0x0000000002d7f39c [0x0000000002d7ce40+0x255c]
J 1492 C1 java.awt.LightweightDispatcher.processMouseEvent(Ljava/awt/event/MouseEvent;)Z (301 bytes) @ 0x0000000002d926ec [0x0000000002d913e0+0x130c]
J 1498 C1 java.awt.LightweightDispatcher.dispatchEvent(Ljava/awt/AWTEvent;)Z (73 bytes) @ 0x0000000002d9427c [0x0000000002d93e40+0x43c]
J 1056 C1 java.awt.Container.dispatchEventImpl(Ljava/awt/AWTEvent;)V (129 bytes) @ 0x0000000002c38e64 [0x0000000002c38d80+0xe4]
J 1473 C1 java.awt.Window.dispatchEventImpl(Ljava/awt/AWTEvent;)V (23 bytes) @ 0x0000000002d758a4 [0x0000000002d752c0+0x5e4]
J 1005 C1 java.awt.EventQueue.dispatchEventImpl(Ljava/awt/AWTEvent;Ljava/lang/Object;)V (149 bytes) @ 0x0000000002c14b8c [0x0000000002c13500+0x168c]
J 1003 C1 java.awt.EventQueue$3.run()Ljava/lang/Void; (60 bytes) @ 0x0000000002c1294c [0x0000000002c12740+0x20c]
J 1002 C1 java.awt.EventQueue$3.run()Ljava/lang/Object; (5 bytes) @ 0x0000000002c123cc [0x0000000002c12340+0x8c]
v  ~StubRoutines::call_stub
J 713  java.security.AccessController.doPrivileged(Ljava/security/PrivilegedAction;Ljava/security/AccessControlContext;)Ljava/lang/Object; (0 bytes) @ 0x0000000002b62f66 [0x0000000002b62f00+0x66]
J 714 C1 java.security.ProtectionDomain$1.doIntersectionPrivilege(Ljava/security/PrivilegedAction;Ljava/security/AccessControlContext;Ljava/security/AccessControlContext;)Ljava/lang/Object; (32 bytes) @ 0x0000000002b635dc [0x0000000002b632e0+0x2fc]
J 1352 C1 java.awt.EventQueue$4.run()Ljava/lang/Object; (5 bytes) @ 0x0000000002d1058c [0x0000000002d101a0+0x3ec]
v  ~StubRoutines::call_stub
J 713  java.security.AccessController.doPrivileged(Ljava/security/PrivilegedAction;Ljava/security/AccessControlContext;)Ljava/lang/Object; (0 bytes) @ 0x0000000002b62f66 [0x0000000002b62f00+0x66]
J 751 C1 java.awt.EventQueue.dispatchEvent(Ljava/awt/AWTEvent;)V (80 bytes) @ 0x0000000002b76f34 [0x0000000002b76280+0xcb4]
J 756 C1 java.awt.EventDispatchThread.pumpOneEventForFilters(I)V (295 bytes) @ 0x0000000002b7a1dc [0x0000000002b78680+0x1b5c]
j  java.awt.EventDispatchThread.pumpEventsForFilter(ILjava/awt/Conditional;Ljava/awt/EventFilter;)V+35
j  java.awt.EventDispatchThread.pumpEventsForHierarchy(ILjava/awt/Conditional;Ljava/awt/Component;)V+11
j  java.awt.EventDispatchThread.pumpEvents(ILjava/awt/Conditional;)V+4
j  java.awt.EventDispatchThread.pumpEvents(Ljava/awt/Conditional;)V+3
j  java.awt.EventDispatchThread.run()V+9
v  ~StubRoutines::call_stub

---------------  P R O C E S S  ---------------

Java Threads: ( => current thread )
  0x000000001aea9800 JavaThread "D3D Screen Updater" daemon [_thread_blocked, id=9668, stack(0x000000001d2e0000,0x000000001d3e0000)]
  0x000000001ae6f800 JavaThread "TimerQueue" daemon [_thread_blocked, id=9696, stack(0x000000001cd80000,0x000000001ce80000)]
  0x0000000017d3f800 JavaThread "Swing-Shell" daemon [_thread_blocked, id=8712, stack(0x000000001b750000,0x000000001b850000)]
  0x00000000027e0800 JavaThread "DestroyJavaVM" [_thread_blocked, id=9552, stack(0x00000000026e0000,0x00000000027e0000)]
=>0x0000000017cf0000 JavaThread "AWT-EventQueue-0" [_thread_in_native, id=8368, stack(0x0000000018ea0000,0x0000000018fa0000)]
  0x0000000017cd8000 JavaThread "AWT-Windows" daemon [_thread_in_native, id=6392, stack(0x0000000018230000,0x0000000018330000)]
  0x0000000017cd7000 JavaThread "AWT-Shutdown" [_thread_blocked, id=8260, stack(0x0000000018130000,0x0000000018230000)]
  0x0000000017cd4000 JavaThread "Java2D Disposer" daemon [_thread_blocked, id=8128, stack(0x0000000018030000,0x0000000018130000)]
  0x000000001614d800 JavaThread "Service Thread" daemon [_thread_blocked, id=6796, stack(0x0000000017d50000,0x0000000017e50000)]
  0x00000000160f4800 JavaThread "C1 CompilerThread2" daemon [_thread_blocked, id=3872, stack(0x0000000017850000,0x0000000017950000)]
  0x00000000160ef800 JavaThread "C2 CompilerThread1" daemon [_thread_blocked, id=856, stack(0x0000000017750000,0x0000000017850000)]
  0x00000000160ed800 JavaThread "C2 CompilerThread0" daemon [_thread_blocked, id=6684, stack(0x0000000017650000,0x0000000017750000)]
  0x00000000160ea800 JavaThread "Attach Listener" daemon [_thread_blocked, id=9444, stack(0x0000000017550000,0x0000000017650000)]
  0x00000000160e9000 JavaThread "Signal Dispatcher" daemon [_thread_blocked, id=7540, stack(0x0000000017450000,0x0000000017550000)]
  0x00000000028d6000 JavaThread "Finalizer" daemon [_thread_blocked, id=9816, stack(0x0000000017350000,0x0000000017450000)]
  0x00000000028cd000 JavaThread "Reference Handler" daemon [_thread_blocked, id=4156, stack(0x0000000017250000,0x0000000017350000)]

Other Threads:
  0x00000000160b6800 VMThread [stack: 0x0000000017150000,0x0000000017250000] [id=4120]
  0x000000001797a000 WatcherThread [stack: 0x0000000017e50000,0x0000000017f50000] [id=6952]

VM state:not at safepoint (normal execution)

VM Mutex/Monitor currently owned by a thread: None

Heap:
 PSYoungGen      total 28160K, used 19360K [0x00000000e0d00000, 0x00000000e2c00000, 0x0000000100000000)
  eden space 24576K, 78% used [0x00000000e0d00000,0x00000000e1fe81d8,0x00000000e2500000)
  from space 3584K, 0% used [0x00000000e2880000,0x00000000e2880000,0x00000000e2c00000)
  to   space 3584K, 0% used [0x00000000e2500000,0x00000000e2500000,0x00000000e2880000)
 ParOldGen       total 64512K, used 0K [0x00000000a2600000, 0x00000000a6500000, 0x00000000e0d00000)
  object space 64512K, 0% used [0x00000000a2600000,0x00000000a2600000,0x00000000a6500000)
 Metaspace       used 15593K, capacity 15808K, committed 16000K, reserved 1062912K
  class space    used 2016K, capacity 2102K, committed 2176K, reserved 1048576K

Card table byte_map: [0x0000000011ca0000,0x0000000011f90000] byte_map_base: 0x000000001178d000

Marking Bits: (ParMarkBitMap*) 0x000000005210d490
 Begin Bits: [0x0000000012590000, 0x0000000013cf8000)
 End Bits:   [0x0000000013cf8000, 0x0000000015460000)

Polling page: 0x0000000002600000

CodeCache: size=245760Kb used=5622Kb max_used=5634Kb free=240137Kb
 bounds [0x00000000028e0000, 0x0000000002e70000, 0x00000000118e0000]
 total_blobs=2407 nmethods=1821 adapters=498
 compilation: enabled

Compilation events (10 events):
Event: 11.396 Thread 0x00000000160f4800 nmethod 1817 0x0000000002e58a50 code [0x0000000002e58ba0, 0x0000000002e58cb0]
Event: 11.406 Thread 0x00000000160ed800 1818       4       java.util.HashMap::putVal (300 bytes)
Event: 11.408 Thread 0x00000000160ef800 nmethod 1812 0x0000000002e57ed0 code [0x0000000002e58020, 0x0000000002e58418]
Event: 11.415 Thread 0x00000000160f4800 1819   !   3       java.lang.ClassLoader::findNative (86 bytes)
Event: 11.416 Thread 0x00000000160f4800 nmethod 1819 0x0000000002e5fd50 code [0x0000000002e5ff00, 0x0000000002e607b8]
Event: 11.418 Thread 0x00000000160f4800 1820  s    3       java.lang.StringBuffer::append (13 bytes)
Event: 11.418 Thread 0x00000000160f4800 nmethod 1820 0x0000000002e5f7d0 code [0x0000000002e5f940, 0x0000000002e5fc68]
Event: 11.427 Thread 0x00000000160ed800 nmethod 1818 0x0000000002e62810 code [0x0000000002e629e0, 0x0000000002e63368]
Event: 11.430 Thread 0x00000000160f4800 1821       3       java.util.concurrent.atomic.AtomicBoolean::compareAndSet (35 bytes)
Event: 11.430 Thread 0x00000000160f4800 nmethod 1821 0x0000000002e57ad0 code [0x0000000002e57c20, 0x0000000002e57e30]

GC Heap History (0 events):
No events

Deoptimization events (10 events):
Event: 9.339 Thread 0x0000000017cf0000 Uncommon trap: reason=bimorphic action=maybe_recompile pc=0x0000000002ad0ea0 method=java.util.HashMap.getNode(ILjava/lang/Object;)Ljava/util/HashMap$Node; @ 126
Event: 9.342 Thread 0x0000000017cf0000 Uncommon trap: reason=bimorphic action=maybe_recompile pc=0x0000000002ad0ea0 method=java.util.HashMap.getNode(ILjava/lang/Object;)Ljava/util/HashMap$Node; @ 126
Event: 9.348 Thread 0x0000000017cf0000 Uncommon trap: reason=bimorphic action=maybe_recompile pc=0x0000000002ad0ea0 method=java.util.HashMap.getNode(ILjava/lang/Object;)Ljava/util/HashMap$Node; @ 126
Event: 9.349 Thread 0x0000000017cf0000 Uncommon trap: reason=bimorphic action=maybe_recompile pc=0x0000000002ad0ea0 method=java.util.HashMap.getNode(ILjava/lang/Object;)Ljava/util/HashMap$Node; @ 126
Event: 9.351 Thread 0x0000000017cf0000 Uncommon trap: reason=bimorphic action=maybe_recompile pc=0x0000000002acd3ec method=java.util.HashMap.getNode(ILjava/lang/Object;)Ljava/util/HashMap$Node; @ 126
Event: 9.382 Thread 0x0000000017cf0000 Uncommon trap: reason=class_check action=maybe_recompile pc=0x0000000002bfd76c method=java.util.HashMap.putVal(ILjava/lang/Object;Ljava/lang/Object;ZZ)Ljava/lang/Object; @ 253
Event: 9.382 Thread 0x0000000017cf0000 Uncommon trap: reason=class_check action=maybe_recompile pc=0x0000000002bfd76c method=java.util.HashMap.putVal(ILjava/lang/Object;Ljava/lang/Object;ZZ)Ljava/lang/Object; @ 253
Event: 9.382 Thread 0x0000000017cf0000 Uncommon trap: reason=class_check action=maybe_recompile pc=0x0000000002bfd76c method=java.util.HashMap.putVal(ILjava/lang/Object;Ljava/lang/Object;ZZ)Ljava/lang/Object; @ 253
Event: 9.382 Thread 0x0000000017cf0000 Uncommon trap: reason=class_check action=maybe_recompile pc=0x0000000002bfd76c method=java.util.HashMap.putVal(ILjava/lang/Object;Ljava/lang/Object;ZZ)Ljava/lang/Object; @ 253
Event: 11.427 Thread 0x0000000017cf0000 Uncommon trap: reason=unreached action=reinterpret pc=0x0000000002e03898 method=java.security.AccessControlContext.combine([Ljava/security/ProtectionDomain;[Ljava/security/ProtectionDomain;)[Ljava/security/ProtectionDomain; @ 11

Internal exceptions (10 events):
Event: 11.400 Thread 0x0000000017cf0000 Exception <a 'java/security/PrivilegedActionException'> (0x00000000e1f67718) thrown at [D:\re\workspace\8-2-build-windows-amd64-cygwin\jdk8u25\1677\hotspot\src\share\vm\prims\jvm.cpp, line 1312]
Event: 11.401 Thread 0x0000000017cf0000 Exception <a 'java/security/PrivilegedActionException'> (0x00000000e1f69b58) thrown at [D:\re\workspace\8-2-build-windows-amd64-cygwin\jdk8u25\1677\hotspot\src\share\vm\prims\jvm.cpp, line 1312]
Event: 11.402 Thread 0x0000000017cf0000 Exception <a 'java/security/PrivilegedActionException'> (0x00000000e1f70588) thrown at [D:\re\workspace\8-2-build-windows-amd64-cygwin\jdk8u25\1677\hotspot\src\share\vm\prims\jvm.cpp, line 1312]
Event: 11.404 Thread 0x0000000017cf0000 Exception <a 'java/security/PrivilegedActionException'> (0x00000000e1f7eaa8) thrown at [D:\re\workspace\8-2-build-windows-amd64-cygwin\jdk8u25\1677\hotspot\src\share\vm\prims\jvm.cpp, line 1312]
Event: 11.407 Thread 0x0000000017cf0000 Exception <a 'java/security/PrivilegedActionException'> (0x00000000e1f83f70) thrown at [D:\re\workspace\8-2-build-windows-amd64-cygwin\jdk8u25\1677\hotspot\src\share\vm\prims\jvm.cpp, line 1312]
Event: 11.408 Thread 0x0000000017cf0000 Exception <a 'java/security/PrivilegedActionException'> (0x00000000e1f86440) thrown at [D:\re\workspace\8-2-build-windows-amd64-cygwin\jdk8u25\1677\hotspot\src\share\vm\prims\jvm.cpp, line 1312]
Event: 11.409 Thread 0x0000000017cf0000 Exception <a 'java/security/PrivilegedActionException'> (0x00000000e1f88780) thrown at [D:\re\workspace\8-2-build-windows-amd64-cygwin\jdk8u25\1677\hotspot\src\share\vm\prims\jvm.cpp, line 1312]
Event: 11.416 Thread 0x0000000017cf0000 Exception <a 'java/security/PrivilegedActionException'> (0x00000000e1f8d9f0) thrown at [D:\re\workspace\8-2-build-windows-amd64-cygwin\jdk8u25\1677\hotspot\src\share\vm\prims\jvm.cpp, line 1312]
Event: 11.417 Thread 0x0000000017cf0000 Exception <a 'java/security/PrivilegedActionException'> (0x00000000e1f91210) thrown at [D:\re\workspace\8-2-build-windows-amd64-cygwin\jdk8u25\1677\hotspot\src\share\vm\prims\jvm.cpp, line 1312]
Event: 11.417 Thread 0x0000000017cf0000 Exception <a 'java/security/PrivilegedActionException'> (0x00000000e1f93928) thrown at [D:\re\workspace\8-2-build-windows-amd64-cygwin\jdk8u25\1677\hotspot\src\share\vm\prims\jvm.cpp, line 1312]

Events (10 events):
Event: 11.409 loading class com/xuggle/xuggler/Global done
Event: 11.415 loading class com/xuggle/xuggler/IContainer$Type
Event: 11.415 loading class com/xuggle/xuggler/IContainer$Type done
Event: 11.416 loading class com/xuggle/xuggler/IContainer$Type$SwigNext
Event: 11.416 loading class com/xuggle/xuggler/IContainer$Type$SwigNext done
Event: 11.417 loading class com/xuggle/xuggler/IContainerFormat
Event: 11.417 loading class com/xuggle/xuggler/IContainerFormat done
Event: 11.427 Thread 0x0000000017cf0000 Uncommon trap: trap_request=0xffffffad fr.pc=0x0000000002e03898
Event: 11.427 Thread 0x0000000017cf0000 DEOPT PACKING pc=0x0000000002e03898 sp=0x0000000018f9ba10
Event: 11.427 Thread 0x0000000017cf0000 DEOPT UNPACKING pc=0x000000000292556a sp=0x0000000018f9b928 mode 2


Dynamic libraries:
0x00007ff7c01e0000 - 0x00007ff7c0214000 	C:\Program Files\Java\jdk1.8.0_25\bin\java.exe
0x00007ffe794b0000 - 0x00007ffe79671000 	C:\WINDOWS\SYSTEM32\ntdll.dll
0x00007ffe78930000 - 0x00007ffe789dd000 	C:\WINDOWS\system32\KERNEL32.DLL
0x00007ffe769a0000 - 0x00007ffe76b7d000 	C:\WINDOWS\system32\KERNELBASE.dll
0x00007ffe78a00000 - 0x00007ffe78aa6000 	C:\WINDOWS\system32\ADVAPI32.dll
0x00007ffe78d90000 - 0x00007ffe78e2d000 	C:\WINDOWS\system32\msvcrt.dll
0x00007ffe78b20000 - 0x00007ffe78b7b000 	C:\WINDOWS\system32\sechost.dll
0x00007ffe77010000 - 0x00007ffe77136000 	C:\WINDOWS\system32\RPCRT4.dll
0x00007ffe78e30000 - 0x00007ffe78f7e000 	C:\WINDOWS\system32\USER32.dll
0x00007ffe77270000 - 0x00007ffe773f6000 	C:\WINDOWS\system32\GDI32.dll
0x00007ffe6aad0000 - 0x00007ffe6ad44000 	C:\WINDOWS\WinSxS\amd64_microsoft.windows.common-controls_6595b64144ccf1df_6.0.10240.16384_none_f41f7b285750ef43\COMCTL32.dll
0x00007ffe76cb0000 - 0x00007ffe76ce6000 	C:\WINDOWS\system32\IMM32.DLL
0x00007ffe76cf0000 - 0x00007ffe76e4c000 	C:\WINDOWS\system32\MSCTF.dll
0x0000000051850000 - 0x0000000051922000 	C:\Program Files\Java\jdk1.8.0_25\jre\bin\msvcr100.dll
0x0000000051930000 - 0x000000005218a000 	C:\Program Files\Java\jdk1.8.0_25\jre\bin\server\jvm.dll
0x00007ffe76ca0000 - 0x00007ffe76ca8000 	C:\WINDOWS\system32\PSAPI.DLL
0x00007ffe6f2a0000 - 0x00007ffe6f2a9000 	C:\WINDOWS\SYSTEM32\WSOCK32.dll
0x00007ffe74420000 - 0x00007ffe74443000 	C:\WINDOWS\SYSTEM32\WINMM.dll
0x00007ffe78ab0000 - 0x00007ffe78b19000 	C:\WINDOWS\system32\WS2_32.dll
0x00007ffe76b80000 - 0x00007ffe76b88000 	C:\WINDOWS\system32\NSI.dll
0x0000000000ab0000 - 0x0000000000adc000 	C:\WINDOWS\SYSTEM32\WINMMBASE.dll
0x00007ffe76950000 - 0x00007ffe76994000 	C:\WINDOWS\system32\cfgmgr32.dll
0x00007ffe74850000 - 0x00007ffe74877000 	C:\WINDOWS\SYSTEM32\DEVOBJ.dll
0x0000000051800000 - 0x000000005180f000 	C:\Program Files\Java\jdk1.8.0_25\jre\bin\verify.dll
0x00000000517d0000 - 0x00000000517f8000 	C:\Program Files\Java\jdk1.8.0_25\jre\bin\java.dll
0x00000000517b0000 - 0x00000000517c6000 	C:\Program Files\Java\jdk1.8.0_25\jre\bin\zip.dll
0x00007ffe77400000 - 0x00007ffe78922000 	C:\WINDOWS\system32\SHELL32.dll
0x00007ffe76320000 - 0x00007ffe76949000 	C:\WINDOWS\system32\windows.storage.dll
0x00007ffe79230000 - 0x00007ffe794ac000 	C:\WINDOWS\system32\combase.dll
0x00007ffe76c40000 - 0x00007ffe76c91000 	C:\WINDOWS\system32\shlwapi.dll
0x00007ffe75f20000 - 0x00007ffe75f2f000 	C:\WINDOWS\system32\kernel.appcore.dll
0x00007ffe76200000 - 0x00007ffe762b3000 	C:\WINDOWS\system32\shcore.dll
0x00007ffe75f30000 - 0x00007ffe75f7a000 	C:\WINDOWS\system32\powrprof.dll
0x00007ffe75f00000 - 0x00007ffe75f13000 	C:\WINDOWS\system32\profapi.dll
0x00000000515d0000 - 0x0000000051768000 	C:\Program Files\Java\jdk1.8.0_25\jre\bin\awt.dll
0x00007ffe78cd0000 - 0x00007ffe78d8e000 	C:\WINDOWS\system32\OLEAUT32.dll
0x00007ffe74630000 - 0x00007ffe746a8000 	C:\WINDOWS\system32\apphelp.dll
0x00007ffe747b0000 - 0x00007ffe74846000 	C:\WINDOWS\system32\uxtheme.dll
0x00007ffe6be00000 - 0x00007ffe6be22000 	C:\WINDOWS\system32\dwmapi.dll
0x00007ffe78b80000 - 0x00007ffe78cc1000 	C:\WINDOWS\system32\ole32.dll
0x00007ffe75d00000 - 0x00007ffe75d6b000 	C:\WINDOWS\SYSTEM32\bcryptPrimitives.dll
0x00007ffe54b60000 - 0x00007ffe54d70000 	C:\WINDOWS\system32\d3d9.dll
0x00007ffe49750000 - 0x00007ffe4a1be000 	C:\WINDOWS\SYSTEM32\igdumdim64.dll
0x00007ffe6c3a0000 - 0x00007ffe6c7ff000 	C:\WINDOWS\SYSTEM32\igdusc64.dll
0x0000000051580000 - 0x00000000515c7000 	C:\Program Files\Java\jdk1.8.0_25\jre\bin\fontmanager.dll
0x0000000051790000 - 0x00000000517aa000 	C:\Program Files\Java\jdk1.8.0_25\jre\bin\net.dll
0x00007ffe756f0000 - 0x00007ffe7574d000 	C:\WINDOWS\system32\mswsock.dll
0x0000000051770000 - 0x0000000051781000 	C:\Program Files\Java\jdk1.8.0_25\jre\bin\nio.dll
0x00007ffe6b000000 - 0x00007ffe6b0aa000 	C:\WINDOWS\WinSxS\amd64_microsoft.windows.common-controls_6595b64144ccf1df_5.82.10240.16384_none_0212ec7eba871e86\comctl32.dll
0x00007ffe76b90000 - 0x00007ffe76c35000 	C:\WINDOWS\system32\clbcatq.dll
0x00007ffe740a0000 - 0x00007ffe74223000 	C:\WINDOWS\system32\propsys.dll
0x00007ffe61bd0000 - 0x00007ffe61d72000 	C:\WINDOWS\system32\NetworkExplorer.dll
0x00007ffe75750000 - 0x00007ffe75767000 	C:\WINDOWS\SYSTEM32\cryptsp.dll
0x00007ffe75e10000 - 0x00007ffe75e38000 	C:\WINDOWS\SYSTEM32\bcrypt.dll
0x00007ffe753a0000 - 0x00007ffe753d3000 	C:\WINDOWS\system32\rsaenh.dll
0x00007ffe758c0000 - 0x00007ffe758cb000 	C:\WINDOWS\SYSTEM32\CRYPTBASE.dll
0x00007ffe66e30000 - 0x00007ffe6729a000 	C:\Windows\System32\ActXPrxy.dll
0x00007ffe6b8a0000 - 0x00007ffe6ba52000 	C:\WINDOWS\SYSTEM32\WindowsCodecs.dll
0x00007ffe5d790000 - 0x00007ffe5d7db000 	C:\Windows\System32\thumbcache.dll
0x0000000051530000 - 0x0000000051571000 	C:\Program Files\Java\jdk1.8.0_25\jre\bin\t2k.dll
0x00007ffe74f20000 - 0x00007ffe74f3c000 	C:\WINDOWS\SYSTEM32\MPR.dll
0x00007ffe67ab0000 - 0x00007ffe67abb000 	C:\WINDOWS\System32\drprov.dll
0x00007ffe75ca0000 - 0x00007ffe75cf8000 	C:\WINDOWS\System32\WINSTA.dll
0x00007ffe65d30000 - 0x00007ffe65d46000 	C:\WINDOWS\System32\ntlanman.dll
0x00007ffe65a70000 - 0x00007ffe65a90000 	C:\WINDOWS\System32\davclnt.dll
0x00007ffe67420000 - 0x00007ffe6742c000 	C:\WINDOWS\System32\DAVHLPR.dll
0x00007ffe72a40000 - 0x00007ffe72a56000 	C:\WINDOWS\System32\wkscli.dll
0x00007ffe6a130000 - 0x00007ffe6a142000 	C:\WINDOWS\SYSTEM32\cscapi.dll
0x00007ffe74f40000 - 0x00007ffe74f4c000 	C:\WINDOWS\System32\netutils.dll
0x00007ffe65bb0000 - 0x00007ffe65c2f000 	C:\Windows\System32\dlnashext.dll
0x00007ffe64db0000 - 0x00007ffe64e21000 	C:\Windows\System32\PlayToDevice.dll
0x00007ffe675e0000 - 0x00007ffe675fe000 	C:\Windows\System32\DevDispItemProvider.dll
0x00007ffe72cc0000 - 0x00007ffe72d32000 	C:\WINDOWS\System32\MMDevApi.dll
0x00007ffe59bd0000 - 0x00007ffe59dd3000 	C:\WINDOWS\system32\wpdshext.dll
0x00007ffe6ad50000 - 0x00007ffe6aef9000 	C:\WINDOWS\WinSxS\amd64_microsoft.windows.gdiplus_6595b64144ccf1df_1.1.10240.16384_none_89a94c179af51f83\gdiplus.dll
0x00007ffe738c0000 - 0x00007ffe73961000 	C:\Windows\System32\PortableDeviceApi.dll
0x00007ffe78f80000 - 0x00007ffe79145000 	C:\WINDOWS\system32\SETUPAPI.dll
0x00007ffe762c0000 - 0x00007ffe76314000 	C:\WINDOWS\system32\WINTRUST.dll
0x00007ffe75ee0000 - 0x00007ffe75ef1000 	C:\WINDOWS\system32\MSASN1.dll
0x00007ffe75f80000 - 0x00007ffe76141000 	C:\WINDOWS\system32\CRYPT32.dll
0x00007ffe5cf30000 - 0x00007ffe5cf67000 	C:\Windows\System32\EhStorShell.dll
0x00007ffe68cd0000 - 0x00007ffe68cf6000 	C:\Windows\System32\EhStorAPI.dll
0x00007ffe74230000 - 0x00007ffe74243000 	C:\Windows\System32\WTSAPI32.dll
0x00007ffe75aa0000 - 0x00007ffe75acc000 	C:\WINDOWS\SYSTEM32\SspiCli.dll
0x00007ffe5ee40000 - 0x00007ffe5ee86000 	C:\WINDOWS\system32\dataexchange.dll
0x00007ffe6be50000 - 0x00007ffe6c395000 	C:\WINDOWS\system32\d2d1.dll
0x00007ffe73fc0000 - 0x00007ffe74091000 	C:\WINDOWS\system32\dcomp.dll
0x00007ffe6d3b0000 - 0x00007ffe6d653000 	C:\WINDOWS\system32\d3d11.dll
0x00007ffe6d660000 - 0x00007ffe6d6fc000 	C:\WINDOWS\system32\dxgi.dll
0x00007ffe748a0000 - 0x00007ffe7498e000 	C:\WINDOWS\system32\twinapi.appcore.dll
0x00007ffe75490000 - 0x00007ffe754af000 	C:\WINDOWS\system32\USERENV.dll
0x00007ffe6f210000 - 0x00007ffe6f237000 	C:\WINDOWS\System32\IDStore.dll
0x00007ffe74250000 - 0x00007ffe7426c000 	C:\WINDOWS\System32\SAMLIB.dll
0x00007ffe5d6c0000 - 0x00007ffe5d759000 	C:\WINDOWS\System32\wlidprov.dll
0x00007ffe68a50000 - 0x00007ffe68a5d000 	C:\WINDOWS\SYSTEM32\LINKINFO.dll
0x00007ffe73f10000 - 0x00007ffe73f48000 	C:\WINDOWS\SYSTEM32\IPHLPAPI.DLL
0x00007ffe73eb0000 - 0x00007ffe73ebb000 	C:\WINDOWS\SYSTEM32\WINNSI.DLL
0x00007ffe72e20000 - 0x00007ffe72e36000 	C:\WINDOWS\SYSTEM32\dhcpcsvc6.DLL
0x00007ffe72d90000 - 0x00007ffe72daa000 	C:\WINDOWS\SYSTEM32\dhcpcsvc.DLL
0x000000006e740000 - 0x000000006fda5000 	C:\Users\Enamul\AppData\Local\Temp\xuggle\xuggle9145956693709653124.dll
0x00007ffe6bd80000 - 0x00007ffe6bd98000 	C:\WINDOWS\SYSTEM32\AVICAP32.dll
0x00007ffe64d20000 - 0x00007ffe64d49000 	C:\WINDOWS\SYSTEM32\MSVFW32.dll
0x00007ffe72330000 - 0x00007ffe724ba000 	C:\WINDOWS\SYSTEM32\dbghelp.dll

VM Arguments:
jvm_args: -Dfile.encoding=UTF-8 
java_command: videotimecalcualtioncoursera.VideoTimeCalcualtionCoursera
java_class_path (initial): H:\Dropbox\JavaProjects\VideoTimeCalcualtionCoursera\xuggle-xuggler-5.4.jar;C:\Users\Enamul\Downloads\slf4j-1.7.12\slf4j-api-1.7.12.jar;C:\Users\Enamul\Downloads\slf4j-1.7.12\slf4j-simple-1.7.12.jar;H:\Dropbox\JavaProjects\VideoTimeCalcualtionCoursera\build\classes
Launcher Type: SUN_STANDARD

Environment Variables:
JAVA_HOME=C:\Program Files\Java\jdk1.8.0_25
CLASSPATH=C:\Program Files (x86)\JMF2.1.1e\lib\sound.jar;C:\Program Files (x86)\JMF2.1.1e\lib\jmf.jar;C:\Program Files (x86)\JMF2.1.1e\lib;%CATALINA_HOME%\lib\servlet-api.jar
PATH=C:\GnuWin32\bin;C:\ProgramData\Oracle\Java\javapath;C:\Windows\system32;C:\Windows;C:\Windows\System32\Wbem;C:\Windows\System32\WindowsPowerShell\v1.0\;E:\pc2-9.2.4-2837\pc2-9.2.4\bin;C:\Program Files (x86)\CodeBlocks\MinGW\bin;C:\Program Files\Java\jdk1.8.0_25\bin;F:\3-2\CSE_374\glut-3.7.6-bin\lib;F:\3-2\CSE_374\glsdk_0_5_2\freeglut;C:\Program Files (x86)\MySQL\MySQL Server 5.1\bin;C:\Python34;C:\Program Files\apache-maven-3.3.1\bin;C:\Program Files (x86)\MiKTeX 2.9\miktex\bin\;D:\Program Files\MATLAB\R2015a\bin;C:\WINDOWS\system32;C:\WINDOWS;C:\WINDOWS\System32\Wbem;C:\WINDOWS\System32\WindowsPowerShell\v1.0\;C:\Program Files (x86)\Common Files\lenovo\easyplussdk\bin;C:\Program Files (x86)\Skype\Phone\
USERNAME=Enamul
OS=Windows_NT
PROCESSOR_IDENTIFIER=Intel64 Family 6 Model 58 Stepping 9, GenuineIntel



---------------  S Y S T E M  ---------------

OS: Windows 8.1 , 64 bit Build 9600 

CPU:total 4 (2 cores per cpu, 2 threads per core) family 6 model 58 stepping 9, cmov, cx8, fxsr, mmx, sse, sse2, sse3, ssse3, sse4.1, sse4.2, popcnt, avx, aes, clmul, erms, ht, tsc, tscinvbit, tscinv

Memory: 4k page, physical 6135200k(2458864k free), swap 10329504k(4273684k free)

vm_info: Java HotSpot(TM) 64-Bit Server VM (25.25-b02) for windows-amd64 JRE (1.8.0_25-b18), built on Oct  7 2014 14:25:37 by "java_re" with MS VC++ 10.0 (VS2010)

time: Tue Sep 01 01:03:50 2015
elapsed time: 11 seconds (0d 0h 0m 11s)

