#
# A fatal error has been detected by the Java Runtime Environment:
#
#  EXCEPTION_ACCESS_VIOLATION (0xc0000005) at pc=0x000000006ee76520, pid=8184, tid=6720
#
# JRE version: Java(TM) SE Runtime Environment (8.0_25-b18) (build 1.8.0_25-b18)
# Java VM: Java HotSpot(TM) 64-Bit Server VM (25.25-b02 mixed mode windows-amd64 compressed oops)
# Problematic frame:
# C  [xuggle3632794814100178060.dll+0x736520]
#
# Failed to write core dump. Minidumps are not enabled by default on client versions of Windows
#
# If you would like to submit a bug report, please visit:
#   http://bugreport.sun.com/bugreport/crash.jsp
# The crash happened outside the Java Virtual Machine in native code.
# See problematic frame for where to report the bug.
#

---------------  T H R E A D  ---------------

Current thread (0x0000000017ac6000):  JavaThread "AWT-EventQueue-0" [_thread_in_native, id=6720, stack(0x0000000018be0000,0x0000000018ce0000)]

siginfo: ExceptionCode=0xc0000005, reading address 0xffffffffffffffff

Registers:
RAX=0x000000001ff07510, RBX=0x0000000020977300, RCX=0x000000001ff07510, RDX=0x0000000000000009
RSP=0x0000000018cdb6b0, RBP=0x000000001ff06c50, RSI=0x000000001ff08510, RDI=0x0000000000000004
R8 =0x000000006ee77580, R9 =0x000000006ee76490, R10=0x000000001fb7daf0, R11=0x000000001fc11b70
R12=0x000000001fc12370, R13=0x0000000000000004, R14=0x0000000000000184, R15=0x000000006fab8f20
RIP=0x000000006ee76520, EFLAGS=0x0000000000010202

Top of Stack: (sp=0x0000000018cdb6b0)
0x0000000018cdb6b0:   000000006ee76665 000000006ee774c5
0x0000000018cdb6c0:   000000006ee77505 000000006ee77545
0x0000000018cdb6d0:   000000006ee77585 000000006ee79426
0x0000000018cdb6e0:   000000006fa67a80 000000001ff07510
0x0000000018cdb6f0:   00000000209797c0 000000001e1c08e8
0x0000000018cdb700:   3fe0000000000000 0000000000000000
0x0000000018cdb710:   40c7760000000000 0000000000000000
0x0000000018cdb720:   3fe0000000000000 0000000000000001
0x0000000018cdb730:   000000002097a7c0 000000006ea45d24
0x0000000018cdb740:   3f40624dd2f1a9fc 0000000000000000
0x0000000018cdb750:   0000000000000000 0000000000000000
0x0000000018cdb760:   0000000000000000 0000000000000000
0x0000000018cdb770:   00000000209836c0 000000006fab7320
0x0000000018cdb780:   000000001e133a35 0000000020977260
0x0000000018cdb790:   0000000000000001 000000001ff06c50
0x0000000018cdb7a0:   000000001ff06cd0 0000000000000000 

Instructions: (pc=0x000000006ee76520)
0x000000006ee76500:   c4 e3 5d 0c c0 55 c5 e4 5c c8 c5 e4 58 c0 c5 fc
0x000000006ee76510:   29 01 c5 fc 29 49 20 c3 0f 1f 84 00 00 00 00 00
0x000000006ee76520:   c5 fc 28 51 40 c5 fc 28 59 60 c5 ec 5c fb c5 ec
0x000000006ee76530:   58 d3 c5 c4 57 3d 26 41 84 00 c5 ec c6 df be c5 


Register to memory mapping:

RAX=0x000000001ff07510 is an unknown value
RBX=0x0000000020977300 is an unknown value
RCX=0x000000001ff07510 is an unknown value
RDX=0x0000000000000009 is an unknown value
RSP=0x0000000018cdb6b0 is pointing into the stack for thread: 0x0000000017ac6000
RBP=0x000000001ff06c50 is an unknown value
RSI=0x000000001ff08510 is an unknown value
RDI=0x0000000000000004 is an unknown value
R8 =0x000000006ee77580 is an unknown value
R9 =0x000000006ee76490 is an unknown value
R10=0x000000001fb7daf0 is an unknown value
R11=0x000000001fc11b70 is an unknown value
R12=0x000000001fc12370 is an unknown value
R13=0x0000000000000004 is an unknown value
R14=0x0000000000000184 is an unknown value
R15=0x000000006fab8f20 is an unknown value


Stack: [0x0000000018be0000,0x0000000018ce0000],  sp=0x0000000018cdb6b0,  free space=1005k
Native frames: (J=compiled Java code, j=interpreted, Vv=VM code, C=native code)
C  [xuggle3632794814100178060.dll+0x736520]

Java frames: (J=compiled Java code, j=interpreted, Vv=VM code)
j  com.xuggle.xuggler.XugglerJNI.IContainer_open__SWIG_0(JLcom/xuggle/xuggler/IContainer;Ljava/lang/String;IJLcom/xuggle/xuggler/IContainerFormat;)I+0
j  com.xuggle.xuggler.IContainer.open(Ljava/lang/String;Lcom/xuggle/xuggler/IContainer$Type;Lcom/xuggle/xuggler/IContainerFormat;)I+15
j  videotimecalcualtioncoursera.MainFrame.calculateTime()V+38
j  videotimecalcualtioncoursera.MainFrame.jButtonCalculateActionPerformed(Ljava/awt/event/ActionEvent;)V+1
j  videotimecalcualtioncoursera.MainFrame.access$000(Lvideotimecalcualtioncoursera/MainFrame;Ljava/awt/event/ActionEvent;)V+2
j  videotimecalcualtioncoursera.MainFrame$4.actionPerformed(Ljava/awt/event/ActionEvent;)V+5
j  javax.swing.AbstractButton.fireActionPerformed(Ljava/awt/event/ActionEvent;)V+83
j  javax.swing.AbstractButton$Handler.actionPerformed(Ljava/awt/event/ActionEvent;)V+5
j  javax.swing.DefaultButtonModel.fireActionPerformed(Ljava/awt/event/ActionEvent;)V+34
j  javax.swing.DefaultButtonModel.setPressed(Z)V+117
j  javax.swing.plaf.basic.BasicButtonListener.mouseReleased(Ljava/awt/event/MouseEvent;)V+35
j  java.awt.Component.processMouseEvent(Ljava/awt/event/MouseEvent;)V+64
j  javax.swing.JComponent.processMouseEvent(Ljava/awt/event/MouseEvent;)V+23
J 1626 C1 java.awt.Component.processEvent(Ljava/awt/AWTEvent;)V (220 bytes) @ 0x0000000002aa9f04 [0x0000000002aa99e0+0x524]
J 1531 C1 java.awt.Container.processEvent(Ljava/awt/AWTEvent;)V (22 bytes) @ 0x0000000002a6738c [0x0000000002a67060+0x32c]
J 1306 C1 java.awt.Component.dispatchEventImpl(Ljava/awt/AWTEvent;)V (883 bytes) @ 0x00000000029c0abc [0x00000000029bb5e0+0x54dc]
J 931 C1 java.awt.Container.dispatchEventImpl(Ljava/awt/AWTEvent;)V (129 bytes) @ 0x00000000028aaa84 [0x00000000028aa940+0x144]
J 1527 C1 java.awt.LightweightDispatcher.retargetMouseEvent(Ljava/awt/Component;ILjava/awt/event/MouseEvent;)V (350 bytes) @ 0x0000000002a6011c [0x0000000002a5dbc0+0x255c]
J 1614 C1 java.awt.LightweightDispatcher.processMouseEvent(Ljava/awt/event/MouseEvent;)Z (301 bytes) @ 0x0000000002aa1b8c [0x0000000002aa08a0+0x12ec]
J 1356 C1 java.awt.LightweightDispatcher.dispatchEvent(Ljava/awt/AWTEvent;)Z (73 bytes) @ 0x00000000029e8ebc [0x00000000029e8a80+0x43c]
J 931 C1 java.awt.Container.dispatchEventImpl(Ljava/awt/AWTEvent;)V (129 bytes) @ 0x00000000028aaa24 [0x00000000028aa940+0xe4]
J 1623 C1 java.awt.Window.dispatchEventImpl(Ljava/awt/AWTEvent;)V (23 bytes) @ 0x0000000002aa7b24 [0x0000000002aa7540+0x5e4]
J 1039 C1 java.awt.EventQueue.dispatchEventImpl(Ljava/awt/AWTEvent;Ljava/lang/Object;)V (149 bytes) @ 0x00000000028ed14c [0x00000000028ebac0+0x168c]
J 1037 C1 java.awt.EventQueue$3.run()Ljava/lang/Void; (60 bytes) @ 0x00000000028eaf0c [0x00000000028ead00+0x20c]
J 784 C1 java.awt.EventQueue$3.run()Ljava/lang/Object; (5 bytes) @ 0x000000000284814c [0x00000000028480c0+0x8c]
v  ~StubRoutines::call_stub
J 734  java.security.AccessController.doPrivileged(Ljava/security/PrivilegedAction;Ljava/security/AccessControlContext;)Ljava/lang/Object; (0 bytes) @ 0x000000000282f1a6 [0x000000000282f140+0x66]
J 736 C1 java.security.ProtectionDomain$1.doIntersectionPrivilege(Ljava/security/PrivilegedAction;Ljava/security/AccessControlContext;Ljava/security/AccessControlContext;)Ljava/lang/Object; (32 bytes) @ 0x000000000282fb9c [0x000000000282f8a0+0x2fc]
J 1315 C1 java.awt.EventQueue$4.run()Ljava/lang/Object; (5 bytes) @ 0x00000000029ccd8c [0x00000000029cc9a0+0x3ec]
v  ~StubRoutines::call_stub
J 734  java.security.AccessController.doPrivileged(Ljava/security/PrivilegedAction;Ljava/security/AccessControlContext;)Ljava/lang/Object; (0 bytes) @ 0x000000000282f1a6 [0x000000000282f140+0x66]
J 782 C1 java.awt.EventQueue.dispatchEvent(Ljava/awt/AWTEvent;)V (80 bytes) @ 0x0000000002846eb4 [0x0000000002846200+0xcb4]
J 786 C1 java.awt.EventDispatchThread.pumpOneEventForFilters(I)V (295 bytes) @ 0x000000000284a25c [0x0000000002848700+0x1b5c]
j  java.awt.EventDispatchThread.pumpEventsForFilter(ILjava/awt/Conditional;Ljava/awt/EventFilter;)V+35
j  java.awt.EventDispatchThread.pumpEventsForHierarchy(ILjava/awt/Conditional;Ljava/awt/Component;)V+11
j  java.awt.EventDispatchThread.pumpEvents(ILjava/awt/Conditional;)V+4
j  java.awt.EventDispatchThread.pumpEvents(Ljava/awt/Conditional;)V+3
j  java.awt.EventDispatchThread.run()V+9
v  ~StubRoutines::call_stub

---------------  P R O C E S S  ---------------

Java Threads: ( => current thread )
  0x000000001abc5800 JavaThread "D3D Screen Updater" daemon [_thread_blocked, id=2908, stack(0x000000001cf50000,0x000000001d050000)]
  0x000000001ab85800 JavaThread "TimerQueue" daemon [_thread_blocked, id=7920, stack(0x000000001c9f0000,0x000000001caf0000)]
  0x000000001aa93800 JavaThread "Swing-Shell" daemon [_thread_blocked, id=7416, stack(0x000000001b340000,0x000000001b440000)]
  0x000000000249d800 JavaThread "DestroyJavaVM" [_thread_blocked, id=7592, stack(0x0000000002360000,0x0000000002460000)]
=>0x0000000017ac6000 JavaThread "AWT-EventQueue-0" [_thread_in_native, id=6720, stack(0x0000000018be0000,0x0000000018ce0000)]
  0x0000000017ab0000 JavaThread "AWT-Windows" daemon [_thread_in_native, id=6768, stack(0x0000000017ee0000,0x0000000017fe0000)]
  0x0000000017aae800 JavaThread "AWT-Shutdown" [_thread_blocked, id=7724, stack(0x0000000017de0000,0x0000000017ee0000)]
  0x0000000017aac000 JavaThread "Java2D Disposer" daemon [_thread_blocked, id=728, stack(0x0000000017ce0000,0x0000000017de0000)]
  0x0000000015e0b000 JavaThread "Service Thread" daemon [_thread_blocked, id=7612, stack(0x0000000017600000,0x0000000017700000)]
  0x0000000015e04000 JavaThread "C1 CompilerThread2" daemon [_thread_blocked, id=7460, stack(0x0000000017500000,0x0000000017600000)]
  0x0000000015dfd800 JavaThread "C2 CompilerThread1" daemon [_thread_blocked, id=4848, stack(0x0000000017400000,0x0000000017500000)]
  0x0000000015dad800 JavaThread "C2 CompilerThread0" daemon [_thread_blocked, id=1032, stack(0x0000000017300000,0x0000000017400000)]
  0x0000000015daa800 JavaThread "Attach Listener" daemon [_thread_blocked, id=584, stack(0x0000000017200000,0x0000000017300000)]
  0x0000000015da9000 JavaThread "Signal Dispatcher" daemon [_thread_blocked, id=5640, stack(0x0000000017100000,0x0000000017200000)]
  0x0000000002596000 JavaThread "Finalizer" daemon [_thread_blocked, id=828, stack(0x0000000017000000,0x0000000017100000)]
  0x000000000258d000 JavaThread "Reference Handler" daemon [_thread_blocked, id=7108, stack(0x0000000016f00000,0x0000000017000000)]

Other Threads:
  0x0000000015d75800 VMThread [stack: 0x0000000016e00000,0x0000000016f00000] [id=8024]
  0x0000000015e0e800 WatcherThread [stack: 0x0000000017b00000,0x0000000017c00000] [id=1572]

VM state:not at safepoint (normal execution)

VM Mutex/Monitor currently owned by a thread: None

Heap:
 PSYoungGen      total 28160K, used 21976K [0x00000000e0d00000, 0x00000000e2c00000, 0x0000000100000000)
  eden space 24576K, 89% used [0x00000000e0d00000,0x00000000e2276360,0x00000000e2500000)
  from space 3584K, 0% used [0x00000000e2880000,0x00000000e2880000,0x00000000e2c00000)
  to   space 3584K, 0% used [0x00000000e2500000,0x00000000e2500000,0x00000000e2880000)
 ParOldGen       total 64512K, used 0K [0x00000000a2600000, 0x00000000a6500000, 0x00000000e0d00000)
  object space 64512K, 0% used [0x00000000a2600000,0x00000000a2600000,0x00000000a6500000)
 Metaspace       used 15993K, capacity 16224K, committed 16512K, reserved 1062912K
  class space    used 2055K, capacity 2134K, committed 2176K, reserved 1048576K

Card table byte_map: [0x0000000011960000,0x0000000011c50000] byte_map_base: 0x000000001144d000

Marking Bits: (ParMarkBitMap*) 0x0000000060aad490
 Begin Bits: [0x0000000012250000, 0x00000000139b8000)
 End Bits:   [0x00000000139b8000, 0x0000000015120000)

Polling page: 0x0000000000bb0000

CodeCache: size=245760Kb used=6203Kb max_used=6211Kb free=239556Kb
 bounds [0x00000000025a0000, 0x0000000002bc0000, 0x00000000115a0000]
 total_blobs=2589 nmethods=2004 adapters=498
 compilation: enabled

Compilation events (10 events):
Event: 17.840 Thread 0x0000000015e04000 nmethod 2000 0x0000000002ba9490 code [0x0000000002ba9600, 0x0000000002ba9928]
Event: 17.843 Thread 0x0000000015e04000 2001   !   3       java.lang.ClassLoader::findNative (86 bytes)
Event: 17.844 Thread 0x0000000015e04000 nmethod 2001 0x0000000002bac090 code [0x0000000002bac240, 0x0000000002bacaf8]
Event: 17.854 Thread 0x0000000015dad800 nmethod 1998 0x0000000002baee10 code [0x0000000002baefe0, 0x0000000002baf968]
Event: 18.289 Thread 0x0000000015e04000 2003       3       java.util.concurrent.locks.AbstractQueuedSynchronizer::transferAfterCancelledWait (34 bytes)
Event: 18.290 Thread 0x0000000015e04000 nmethod 2003 0x0000000002bab290 code [0x0000000002bab440, 0x0000000002baba78]
Event: 18.420 Thread 0x0000000015e04000 2004       3       java.util.concurrent.locks.LockSupport::parkNanos (29 bytes)
Event: 18.421 Thread 0x0000000015e04000 nmethod 2004 0x0000000002baabd0 code [0x0000000002baad40, 0x0000000002bab0c8]
Event: 19.343 Thread 0x0000000015e04000 2005       1       java.util.logging.Level::intValue (5 bytes)
Event: 19.343 Thread 0x0000000015e04000 nmethod 2005 0x0000000002bb1290 code [0x0000000002bb13e0, 0x0000000002bb14f0]

GC Heap History (0 events):
No events

Deoptimization events (10 events):
Event: 14.955 Thread 0x0000000017ac6000 Uncommon trap: reason=bimorphic action=maybe_recompile pc=0x0000000002790bcc method=java.util.HashMap.getNode(ILjava/lang/Object;)Ljava/util/HashMap$Node; @ 126
Event: 14.957 Thread 0x0000000017ac6000 Uncommon trap: reason=bimorphic action=maybe_recompile pc=0x0000000002790bcc method=java.util.HashMap.getNode(ILjava/lang/Object;)Ljava/util/HashMap$Node; @ 126
Event: 14.963 Thread 0x0000000017ac6000 Uncommon trap: reason=bimorphic action=maybe_recompile pc=0x0000000002790bcc method=java.util.HashMap.getNode(ILjava/lang/Object;)Ljava/util/HashMap$Node; @ 126
Event: 14.965 Thread 0x0000000017ac6000 Uncommon trap: reason=bimorphic action=maybe_recompile pc=0x0000000002790bcc method=java.util.HashMap.getNode(ILjava/lang/Object;)Ljava/util/HashMap$Node; @ 126
Event: 14.968 Thread 0x0000000017ac6000 Uncommon trap: reason=bimorphic action=maybe_recompile pc=0x000000000279345c method=java.util.HashMap.getNode(ILjava/lang/Object;)Ljava/util/HashMap$Node; @ 126
Event: 15.007 Thread 0x0000000017ac6000 Uncommon trap: reason=class_check action=maybe_recompile pc=0x00000000028cb8c0 method=java.util.HashMap.putVal(ILjava/lang/Object;Ljava/lang/Object;ZZ)Ljava/lang/Object; @ 253
Event: 15.007 Thread 0x0000000017ac6000 Uncommon trap: reason=class_check action=maybe_recompile pc=0x00000000028cb8c0 method=java.util.HashMap.putVal(ILjava/lang/Object;Ljava/lang/Object;ZZ)Ljava/lang/Object; @ 253
Event: 15.007 Thread 0x0000000017ac6000 Uncommon trap: reason=class_check action=maybe_recompile pc=0x00000000028cb8c0 method=java.util.HashMap.putVal(ILjava/lang/Object;Ljava/lang/Object;ZZ)Ljava/lang/Object; @ 253
Event: 15.007 Thread 0x0000000017ac6000 Uncommon trap: reason=class_check action=maybe_recompile pc=0x00000000028cb8c0 method=java.util.HashMap.putVal(ILjava/lang/Object;Ljava/lang/Object;ZZ)Ljava/lang/Object; @ 253
Event: 17.850 Thread 0x0000000017ac6000 Uncommon trap: reason=unreached action=reinterpret pc=0x0000000002ad4998 method=java.security.AccessControlContext.combine([Ljava/security/ProtectionDomain;[Ljava/security/ProtectionDomain;)[Ljava/security/ProtectionDomain; @ 11

Internal exceptions (10 events):
Event: 17.836 Thread 0x0000000017ac6000 Exception <a 'java/security/PrivilegedActionException'> (0x00000000e21c4438) thrown at [D:\re\workspace\8-2-build-windows-amd64-cygwin\jdk8u25\1677\hotspot\src\share\vm\prims\jvm.cpp, line 1312]
Event: 17.836 Thread 0x0000000017ac6000 Exception <a 'java/security/PrivilegedActionException'> (0x00000000e21c7100) thrown at [D:\re\workspace\8-2-build-windows-amd64-cygwin\jdk8u25\1677\hotspot\src\share\vm\prims\jvm.cpp, line 1312]
Event: 17.837 Thread 0x0000000017ac6000 Exception <a 'java/security/PrivilegedActionException'> (0x00000000e21cd208) thrown at [D:\re\workspace\8-2-build-windows-amd64-cygwin\jdk8u25\1677\hotspot\src\share\vm\prims\jvm.cpp, line 1312]
Event: 17.839 Thread 0x0000000017ac6000 Exception <a 'java/security/PrivilegedActionException'> (0x00000000e21ddf08) thrown at [D:\re\workspace\8-2-build-windows-amd64-cygwin\jdk8u25\1677\hotspot\src\share\vm\prims\jvm.cpp, line 1312]
Event: 17.840 Thread 0x0000000017ac6000 Exception <a 'java/security/PrivilegedActionException'> (0x00000000e21e2580) thrown at [D:\re\workspace\8-2-build-windows-amd64-cygwin\jdk8u25\1677\hotspot\src\share\vm\prims\jvm.cpp, line 1312]
Event: 17.840 Thread 0x0000000017ac6000 Exception <a 'java/security/PrivilegedActionException'> (0x00000000e21e50e0) thrown at [D:\re\workspace\8-2-build-windows-amd64-cygwin\jdk8u25\1677\hotspot\src\share\vm\prims\jvm.cpp, line 1312]
Event: 17.840 Thread 0x0000000017ac6000 Exception <a 'java/security/PrivilegedActionException'> (0x00000000e21e7ca8) thrown at [D:\re\workspace\8-2-build-windows-amd64-cygwin\jdk8u25\1677\hotspot\src\share\vm\prims\jvm.cpp, line 1312]
Event: 17.843 Thread 0x0000000017ac6000 Exception <a 'java/security/PrivilegedActionException'> (0x00000000e21ed5a8) thrown at [D:\re\workspace\8-2-build-windows-amd64-cygwin\jdk8u25\1677\hotspot\src\share\vm\prims\jvm.cpp, line 1312]
Event: 17.844 Thread 0x0000000017ac6000 Exception <a 'java/security/PrivilegedActionException'> (0x00000000e21f15a8) thrown at [D:\re\workspace\8-2-build-windows-amd64-cygwin\jdk8u25\1677\hotspot\src\share\vm\prims\jvm.cpp, line 1312]
Event: 17.845 Thread 0x0000000017ac6000 Exception <a 'java/security/PrivilegedActionException'> (0x00000000e21f4698) thrown at [D:\re\workspace\8-2-build-windows-amd64-cygwin\jdk8u25\1677\hotspot\src\share\vm\prims\jvm.cpp, line 1312]

Events (10 events):
Event: 17.843 loading class com/xuggle/xuggler/IContainer$Type done
Event: 17.844 loading class com/xuggle/xuggler/IContainer$Type$SwigNext
Event: 17.844 loading class com/xuggle/xuggler/IContainer$Type$SwigNext done
Event: 17.845 loading class com/xuggle/xuggler/IContainerFormat
Event: 17.845 loading class com/xuggle/xuggler/IContainerFormat done
Event: 17.850 Thread 0x0000000017ac6000 Uncommon trap: trap_request=0xffffffad fr.pc=0x0000000002ad4998
Event: 17.850 Thread 0x0000000017ac6000 DEOPT PACKING pc=0x0000000002ad4998 sp=0x0000000018cdb500
Event: 17.851 Thread 0x0000000017ac6000 DEOPT UNPACKING pc=0x00000000025e556a sp=0x0000000018cdb418 mode 2
Event: 17.867 Thread 0x000000001ab85800 DEOPT PACKING pc=0x0000000002a81ffc sp=0x000000001caef2d0
Event: 17.867 Thread 0x000000001ab85800 DEOPT UNPACKING pc=0x00000000025e75bf sp=0x000000001caef010 mode 0


Dynamic libraries:
0x00007ff64e630000 - 0x00007ff64e664000 	C:\Program Files\Java\jdk1.8.0_25\bin\java.exe
0x00007ffe634f0000 - 0x00007ffe636b1000 	C:\WINDOWS\SYSTEM32\ntdll.dll
0x00007ffe610d0000 - 0x00007ffe6117d000 	C:\WINDOWS\system32\KERNEL32.DLL
0x00007ffe607b0000 - 0x00007ffe6098d000 	C:\WINDOWS\system32\KERNELBASE.dll
0x00007ffe62da0000 - 0x00007ffe62e46000 	C:\WINDOWS\system32\ADVAPI32.dll
0x00007ffe63330000 - 0x00007ffe633cd000 	C:\WINDOWS\system32\msvcrt.dll
0x00007ffe60e60000 - 0x00007ffe60ebb000 	C:\WINDOWS\system32\sechost.dll
0x00007ffe61660000 - 0x00007ffe61786000 	C:\WINDOWS\system32\RPCRT4.dll
0x00007ffe612e0000 - 0x00007ffe6142e000 	C:\WINDOWS\system32\USER32.dll
0x00007ffe61440000 - 0x00007ffe615c6000 	C:\WINDOWS\system32\GDI32.dll
0x00007ffe559b0000 - 0x00007ffe55c24000 	C:\WINDOWS\WinSxS\amd64_microsoft.windows.common-controls_6595b64144ccf1df_6.0.10240.16384_none_f41f7b285750ef43\COMCTL32.dll
0x00007ffe632f0000 - 0x00007ffe63326000 	C:\WINDOWS\system32\IMM32.DLL
0x00007ffe61180000 - 0x00007ffe612dc000 	C:\WINDOWS\system32\MSCTF.dll
0x00000000601f0000 - 0x00000000602c2000 	C:\Program Files\Java\jdk1.8.0_25\jre\bin\msvcr100.dll
0x00000000602d0000 - 0x0000000060b2a000 	C:\Program Files\Java\jdk1.8.0_25\jre\bin\server\jvm.dll
0x00007ffe61430000 - 0x00007ffe61438000 	C:\WINDOWS\system32\PSAPI.DLL
0x00007ffe482a0000 - 0x00007ffe482a9000 	C:\WINDOWS\SYSTEM32\WSOCK32.dll
0x00007ffe63480000 - 0x00007ffe634e9000 	C:\WINDOWS\system32\WS2_32.dll
0x00007ffe60bc0000 - 0x00007ffe60bc8000 	C:\WINDOWS\system32\NSI.dll
0x00007ffe5e460000 - 0x00007ffe5e483000 	C:\WINDOWS\SYSTEM32\WINMM.dll
0x00007ffe5e3f0000 - 0x00007ffe5e41c000 	C:\WINDOWS\SYSTEM32\WINMMBASE.dll
0x00007ffe60130000 - 0x00007ffe60174000 	C:\WINDOWS\system32\cfgmgr32.dll
0x00007ffe5e890000 - 0x00007ffe5e8b7000 	C:\WINDOWS\SYSTEM32\DEVOBJ.dll
0x00000000601a0000 - 0x00000000601af000 	C:\Program Files\Java\jdk1.8.0_25\jre\bin\verify.dll
0x0000000060170000 - 0x0000000060198000 	C:\Program Files\Java\jdk1.8.0_25\jre\bin\java.dll
0x0000000060150000 - 0x0000000060166000 	C:\Program Files\Java\jdk1.8.0_25\jre\bin\zip.dll
0x00007ffe61790000 - 0x00007ffe62cb2000 	C:\WINDOWS\system32\SHELL32.dll
0x00007ffe60180000 - 0x00007ffe607a9000 	C:\WINDOWS\system32\windows.storage.dll
0x00007ffe60bd0000 - 0x00007ffe60e4c000 	C:\WINDOWS\system32\combase.dll
0x00007ffe63020000 - 0x00007ffe63071000 	C:\WINDOWS\system32\shlwapi.dll
0x00007ffe5ff20000 - 0x00007ffe5ff2f000 	C:\WINDOWS\system32\kernel.appcore.dll
0x00007ffe5ffc0000 - 0x00007ffe60073000 	C:\WINDOWS\system32\shcore.dll
0x00007ffe5ff70000 - 0x00007ffe5ffba000 	C:\WINDOWS\system32\powrprof.dll
0x00007ffe5ff30000 - 0x00007ffe5ff43000 	C:\WINDOWS\system32\profapi.dll
0x000000005ff70000 - 0x0000000060108000 	C:\Program Files\Java\jdk1.8.0_25\jre\bin\awt.dll
0x00007ffe60ec0000 - 0x00007ffe60f7e000 	C:\WINDOWS\system32\OLEAUT32.dll
0x00007ffe5e670000 - 0x00007ffe5e6e8000 	C:\WINDOWS\system32\apphelp.dll
0x00007ffe5e7f0000 - 0x00007ffe5e886000 	C:\WINDOWS\system32\uxtheme.dll
0x00007ffe5d980000 - 0x00007ffe5d9a2000 	C:\WINDOWS\system32\dwmapi.dll
0x00007ffe60f80000 - 0x00007ffe610c1000 	C:\WINDOWS\system32\ole32.dll
0x00007ffe5fd40000 - 0x00007ffe5fdab000 	C:\WINDOWS\SYSTEM32\bcryptPrimitives.dll
0x00007ffe42100000 - 0x00007ffe42310000 	C:\WINDOWS\system32\d3d9.dll
0x00007ffe39740000 - 0x00007ffe3a1ae000 	C:\WINDOWS\SYSTEM32\igdumdim64.dll
0x00007ffe5c1b0000 - 0x00007ffe5c60f000 	C:\WINDOWS\SYSTEM32\igdusc64.dll
0x000000005ff20000 - 0x000000005ff67000 	C:\Program Files\Java\jdk1.8.0_25\jre\bin\fontmanager.dll
0x0000000060130000 - 0x000000006014a000 	C:\Program Files\Java\jdk1.8.0_25\jre\bin\net.dll
0x00007ffe5f730000 - 0x00007ffe5f78d000 	C:\WINDOWS\system32\mswsock.dll
0x0000000060110000 - 0x0000000060121000 	C:\Program Files\Java\jdk1.8.0_25\jre\bin\nio.dll
0x00007ffe55de0000 - 0x00007ffe55e8a000 	C:\WINDOWS\WinSxS\amd64_microsoft.windows.common-controls_6595b64144ccf1df_5.82.10240.16384_none_0212ec7eba871e86\comctl32.dll
0x00007ffe633d0000 - 0x00007ffe63475000 	C:\WINDOWS\system32\clbcatq.dll
0x00007ffe5e140000 - 0x00007ffe5e2c3000 	C:\WINDOWS\system32\propsys.dll
0x00007ffe43970000 - 0x00007ffe43b12000 	C:\WINDOWS\system32\NetworkExplorer.dll
0x00007ffe5f790000 - 0x00007ffe5f7a7000 	C:\WINDOWS\SYSTEM32\cryptsp.dll
0x00007ffe5fe50000 - 0x00007ffe5fe78000 	C:\WINDOWS\SYSTEM32\bcrypt.dll
0x00007ffe5f3e0000 - 0x00007ffe5f413000 	C:\WINDOWS\system32\rsaenh.dll
0x00007ffe5f900000 - 0x00007ffe5f90b000 	C:\WINDOWS\SYSTEM32\CRYPTBASE.dll
0x00007ffe54c70000 - 0x00007ffe550da000 	C:\Windows\System32\ActXPrxy.dll
0x00007ffe5bf90000 - 0x00007ffe5c142000 	C:\WINDOWS\SYSTEM32\WindowsCodecs.dll
0x00007ffe49e50000 - 0x00007ffe49e9b000 	C:\Windows\System32\thumbcache.dll
0x000000005fed0000 - 0x000000005ff11000 	C:\Program Files\Java\jdk1.8.0_25\jre\bin\t2k.dll
0x00007ffe5f150000 - 0x00007ffe5f16c000 	C:\WINDOWS\SYSTEM32\MPR.dll
0x00007ffe526a0000 - 0x00007ffe526ab000 	C:\WINDOWS\System32\drprov.dll
0x00007ffe5fce0000 - 0x00007ffe5fd38000 	C:\WINDOWS\System32\WINSTA.dll
0x00007ffe491f0000 - 0x00007ffe49206000 	C:\WINDOWS\System32\ntlanman.dll
0x00007ffe43330000 - 0x00007ffe43350000 	C:\WINDOWS\System32\davclnt.dll
0x00007ffe52540000 - 0x00007ffe5254c000 	C:\WINDOWS\System32\DAVHLPR.dll
0x00007ffe5a3a0000 - 0x00007ffe5a3b6000 	C:\WINDOWS\System32\wkscli.dll
0x00007ffe55420000 - 0x00007ffe55432000 	C:\WINDOWS\SYSTEM32\cscapi.dll
0x00007ffe5f170000 - 0x00007ffe5f17c000 	C:\WINDOWS\System32\netutils.dll
0x00007ffe3bb50000 - 0x00007ffe3bbcf000 	C:\Windows\System32\dlnashext.dll
0x00007ffe3bad0000 - 0x00007ffe3bb41000 	C:\Windows\System32\PlayToDevice.dll
0x00007ffe4f260000 - 0x00007ffe4f27e000 	C:\Windows\System32\DevDispItemProvider.dll
0x00007ffe59a90000 - 0x00007ffe59b02000 	C:\WINDOWS\System32\MMDevApi.dll
0x00007ffe3b8c0000 - 0x00007ffe3bac3000 	C:\WINDOWS\system32\wpdshext.dll
0x00007ffe55c30000 - 0x00007ffe55dd9000 	C:\WINDOWS\WinSxS\amd64_microsoft.windows.gdiplus_6595b64144ccf1df_1.1.10240.16384_none_89a94c179af51f83\gdiplus.dll
0x00007ffe5d2c0000 - 0x00007ffe5d361000 	C:\Windows\System32\PortableDeviceApi.dll
0x00007ffe62e50000 - 0x00007ffe63015000 	C:\WINDOWS\system32\SETUPAPI.dll
0x00007ffe60990000 - 0x00007ffe609e4000 	C:\WINDOWS\system32\WINTRUST.dll
0x00007ffe5ff50000 - 0x00007ffe5ff61000 	C:\WINDOWS\system32\MSASN1.dll
0x00007ffe609f0000 - 0x00007ffe60bb1000 	C:\WINDOWS\system32\CRYPT32.dll
0x00007ffe53180000 - 0x00007ffe531b7000 	C:\Windows\System32\EhStorShell.dll
0x00007ffe53b40000 - 0x00007ffe53b66000 	C:\Windows\System32\EhStorAPI.dll
0x00007ffe5e2d0000 - 0x00007ffe5e2e3000 	C:\Windows\System32\WTSAPI32.dll
0x00007ffe49970000 - 0x00007ffe4997d000 	C:\WINDOWS\SYSTEM32\LINKINFO.dll
0x00007ffe5fae0000 - 0x00007ffe5fb0c000 	C:\WINDOWS\SYSTEM32\SspiCli.dll
0x00007ffe4d390000 - 0x00007ffe4d3d6000 	C:\WINDOWS\system32\dataexchange.dll
0x00007ffe5deb0000 - 0x00007ffe5df81000 	C:\WINDOWS\system32\dcomp.dll
0x00007ffe561e0000 - 0x00007ffe56725000 	C:\WINDOWS\system32\d2d1.dll
0x00007ffe5d690000 - 0x00007ffe5d933000 	C:\WINDOWS\system32\d3d11.dll
0x00007ffe5d5e0000 - 0x00007ffe5d67c000 	C:\WINDOWS\system32\dxgi.dll
0x00007ffe5e8e0000 - 0x00007ffe5e9ce000 	C:\WINDOWS\system32\twinapi.appcore.dll
0x00007ffe5f4d0000 - 0x00007ffe5f4ef000 	C:\WINDOWS\system32\USERENV.dll
0x00007ffe52300000 - 0x00007ffe52327000 	C:\WINDOWS\System32\IDStore.dll
0x00007ffe5e360000 - 0x00007ffe5e37c000 	C:\WINDOWS\System32\SAMLIB.dll
0x00007ffe46c70000 - 0x00007ffe46d09000 	C:\WINDOWS\System32\wlidprov.dll
0x00007ffe5d940000 - 0x00007ffe5d978000 	C:\WINDOWS\SYSTEM32\IPHLPAPI.DLL
0x00007ffe5d680000 - 0x00007ffe5d68b000 	C:\WINDOWS\SYSTEM32\WINNSI.DLL
0x00007ffe5bc70000 - 0x00007ffe5bc86000 	C:\WINDOWS\SYSTEM32\dhcpcsvc6.DLL
0x00007ffe5bc50000 - 0x00007ffe5bc6a000 	C:\WINDOWS\SYSTEM32\dhcpcsvc.DLL
0x000000006e740000 - 0x000000006fda5000 	C:\Users\Enamul\AppData\Local\Temp\xuggle\xuggle3632794814100178060.dll
0x00007ffe497c0000 - 0x00007ffe497d8000 	C:\WINDOWS\SYSTEM32\AVICAP32.dll
0x00007ffe49790000 - 0x00007ffe497b9000 	C:\WINDOWS\SYSTEM32\MSVFW32.dll
0x00007ffe3c9a0000 - 0x00007ffe3cb2a000 	C:\WINDOWS\SYSTEM32\dbghelp.dll

VM Arguments:
jvm_args: -Dfile.encoding=UTF-8 
java_command: videotimecalcualtioncoursera.VideoTimeCalcualtionCoursera
java_class_path (initial): C:\Users\Enamul\Downloads\slf4j-1.7.12\slf4j-api-1.7.12.jar;C:\Users\Enamul\Downloads\slf4j-1.7.12\slf4j-jdk14-1.7.12.jar;C:\Program Files (x86)\JMF2.1.1e\lib\customizer.jar;C:\Program Files (x86)\JMF2.1.1e\lib\jmf.jar;C:\Program Files (x86)\JMF2.1.1e\lib\mediaplayer.jar;C:\Program Files (x86)\JMF2.1.1e\lib\multiplayer.jar;C:\Program Files (x86)\JMF2.1.1e\lib\sound.jar;H:\Dropbox\JavaProjects\VideoTimeCalcualtionCoursera\xuggle-xuggler-5.4.jar;H:\Dropbox\JavaProjects\VideoTimeCalcualtionCoursera\build\classes
Launcher Type: SUN_STANDARD

Environment Variables:
JAVA_HOME=C:\Program Files\Java\jdk1.8.0_25
CLASSPATH=.;.;C:\PROGRA~2\JMF21~1.1E\lib\sound.jar;C:\PROGRA~2\JMF21~1.1E\lib\jmf.jar;C:\PROGRA~2\JMF21~1.1E\lib;C:\Program Files (x86)\JMF2.1.1e\lib\sound.jar;C:\Program Files (x86)\JMF2.1.1e\lib\jmf.jar;C:\Program Files (x86)\JMF2.1.1e\lib;%CATALINA_HOME%\lib\servlet-api.jar
PATH=C:\GnuWin32\bin;C:\ProgramData\Oracle\Java\javapath;C:\Windows\system32;C:\Windows;C:\Windows\System32\Wbem;C:\Windows\System32\WindowsPowerShell\v1.0\;E:\pc2-9.2.4-2837\pc2-9.2.4\bin;C:\Program Files (x86)\CodeBlocks\MinGW\bin;C:\Program Files\Java\jdk1.8.0_25\bin;F:\3-2\CSE_374\glut-3.7.6-bin\lib;F:\3-2\CSE_374\glsdk_0_5_2\freeglut;C:\Program Files (x86)\MySQL\MySQL Server 5.1\bin;C:\Python34;C:\Program Files\apache-maven-3.3.1\bin;C:\Program Files (x86)\MiKTeX 2.9\miktex\bin\;D:\Program Files\MATLAB\R2015a\bin;C:\WINDOWS\system32;C:\WINDOWS;C:\WINDOWS\System32\Wbem;C:\WINDOWS\System32\WindowsPowerShell\v1.0\;C:\Program Files (x86)\Common Files\lenovo\easyplussdk\bin;C:\Program Files (x86)\Skype\Phone\
USERNAME=Enamul
OS=Windows_NT
PROCESSOR_IDENTIFIER=Intel64 Family 6 Model 58 Stepping 9, GenuineIntel



---------------  S Y S T E M  ---------------

OS: Windows 8.1 , 64 bit Build 9600 

CPU:total 4 (2 cores per cpu, 2 threads per core) family 6 model 58 stepping 9, cmov, cx8, fxsr, mmx, sse, sse2, sse3, ssse3, sse4.1, sse4.2, popcnt, avx, aes, clmul, erms, ht, tsc, tscinvbit, tscinv

Memory: 4k page, physical 6135200k(2264204k free), swap 10329504k(5636072k free)

vm_info: Java HotSpot(TM) 64-Bit Server VM (25.25-b02) for windows-amd64 JRE (1.8.0_25-b18), built on Oct  7 2014 14:25:37 by "java_re" with MS VC++ 10.0 (VS2010)

time: Tue Sep 01 02:51:15 2015
elapsed time: 19 seconds (0d 0h 0m 19s)

