#
# A fatal error has been detected by the Java Runtime Environment:
#
#  EXCEPTION_ACCESS_VIOLATION (0xc0000005) at pc=0x000000006ee76520, pid=6468, tid=3392
#
# JRE version: Java(TM) SE Runtime Environment (8.0_25-b18) (build 1.8.0_25-b18)
# Java VM: Java HotSpot(TM) 64-Bit Server VM (25.25-b02 mixed mode windows-amd64 compressed oops)
# Problematic frame:
# C  [xuggle8969441127539879799.dll+0x736520]
#
# Failed to write core dump. Minidumps are not enabled by default on client versions of Windows
#
# If you would like to submit a bug report, please visit:
#   http://bugreport.sun.com/bugreport/crash.jsp
# The crash happened outside the Java Virtual Machine in native code.
# See problematic frame for where to report the bug.
#

---------------  T H R E A D  ---------------

Current thread (0x0000000017cee800):  JavaThread "AWT-EventQueue-0" [_thread_in_native, id=3392, stack(0x0000000018ea0000,0x0000000018fa0000)]

siginfo: ExceptionCode=0xc0000005, reading address 0xffffffffffffffff

Registers:
RAX=0x000000001bc77930, RBX=0x000000001f363620, RCX=0x000000001bc77930, RDX=0x0000000000000009
RSP=0x0000000018f9b640, RBP=0x000000001bc77070, RSI=0x000000001bc78930, RDI=0x0000000000000004
R8 =0x000000006ee77580, R9 =0x000000006ee76490, R10=0x000000001bc51200, R11=0x000000001bc649c0
R12=0x000000001bc651c0, R13=0x0000000000000004, R14=0x0000000000000184, R15=0x000000006fab8f20
RIP=0x000000006ee76520, EFLAGS=0x0000000000010202

Top of Stack: (sp=0x0000000018f9b640)
0x0000000018f9b640:   000000006ee76665 000000006ee774c5
0x0000000018f9b650:   000000006ee77505 000000006ee77545
0x0000000018f9b660:   000000006ee77585 000000006ee79426
0x0000000018f9b670:   000000006fa67a80 000000001bc77930
0x0000000018f9b680:   000000001f365ae0 000000001e5458c0
0x0000000018f9b690:   3fe0000000000000 0000000000000000
0x0000000018f9b6a0:   40c7760000000000 0000000000000000
0x0000000018f9b6b0:   3fe0000000000000 0000000000000001
0x0000000018f9b6c0:   000000001f366ae0 000000006ea45d24
0x0000000018f9b6d0:   3f40624dd2f1a9fc 0000000000000000
0x0000000018f9b6e0:   0000000000000000 0000000000000000
0x0000000018f9b6f0:   0000000000000000 0000000000000000
0x0000000018f9b700:   000000001f36f9e0 000000006fab7320
0x0000000018f9b710:   00000000014b4a55 000000001f363580
0x0000000018f9b720:   0000000000000001 000000001bc77070
0x0000000018f9b730:   000000001bc770f0 0000000000000000 

Instructions: (pc=0x000000006ee76520)
0x000000006ee76500:   c4 e3 5d 0c c0 55 c5 e4 5c c8 c5 e4 58 c0 c5 fc
0x000000006ee76510:   29 01 c5 fc 29 49 20 c3 0f 1f 84 00 00 00 00 00
0x000000006ee76520:   c5 fc 28 51 40 c5 fc 28 59 60 c5 ec 5c fb c5 ec
0x000000006ee76530:   58 d3 c5 c4 57 3d 26 41 84 00 c5 ec c6 df be c5 


Register to memory mapping:

RAX=0x000000001bc77930 is an unknown value
RBX=0x000000001f363620 is an unknown value
RCX=0x000000001bc77930 is an unknown value
RDX=0x0000000000000009 is an unknown value
RSP=0x0000000018f9b640 is pointing into the stack for thread: 0x0000000017cee800
RBP=0x000000001bc77070 is an unknown value
RSI=0x000000001bc78930 is an unknown value
RDI=0x0000000000000004 is an unknown value
R8 =0x000000006ee77580 is an unknown value
R9 =0x000000006ee76490 is an unknown value
R10=0x000000001bc51200 is an unknown value
R11=0x000000001bc649c0 is an unknown value
R12=0x000000001bc651c0 is an unknown value
R13=0x0000000000000004 is an unknown value
R14=0x0000000000000184 is an unknown value
R15=0x000000006fab8f20 is an unknown value


Stack: [0x0000000018ea0000,0x0000000018fa0000],  sp=0x0000000018f9b640,  free space=1005k
Native frames: (J=compiled Java code, j=interpreted, Vv=VM code, C=native code)
C  [xuggle8969441127539879799.dll+0x736520]

Java frames: (J=compiled Java code, j=interpreted, Vv=VM code)
j  com.xuggle.xuggler.XugglerJNI.IContainer_open__SWIG_0(JLcom/xuggle/xuggler/IContainer;Ljava/lang/String;IJLcom/xuggle/xuggler/IContainerFormat;)I+0
j  com.xuggle.xuggler.IContainer.open(Ljava/lang/String;Lcom/xuggle/xuggler/IContainer$Type;Lcom/xuggle/xuggler/IContainerFormat;)I+15
j  videotimecalcualtioncoursera.MainFrame.calculateTime()V+38
j  videotimecalcualtioncoursera.MainFrame.jButtonCalculateActionPerformed(Ljava/awt/event/ActionEvent;)V+1
j  videotimecalcualtioncoursera.MainFrame.access$000(Lvideotimecalcualtioncoursera/MainFrame;Ljava/awt/event/ActionEvent;)V+2
j  videotimecalcualtioncoursera.MainFrame$4.actionPerformed(Ljava/awt/event/ActionEvent;)V+5
j  javax.swing.AbstractButton.fireActionPerformed(Ljava/awt/event/ActionEvent;)V+83
j  javax.swing.AbstractButton$Handler.actionPerformed(Ljava/awt/event/ActionEvent;)V+5
j  javax.swing.DefaultButtonModel.fireActionPerformed(Ljava/awt/event/ActionEvent;)V+34
j  javax.swing.DefaultButtonModel.setPressed(Z)V+117
j  javax.swing.plaf.basic.BasicButtonListener.mouseReleased(Ljava/awt/event/MouseEvent;)V+35
j  java.awt.Component.processMouseEvent(Ljava/awt/event/MouseEvent;)V+64
j  javax.swing.JComponent.processMouseEvent(Ljava/awt/event/MouseEvent;)V+23
J 1713 C1 java.awt.Component.processEvent(Ljava/awt/AWTEvent;)V (220 bytes) @ 0x0000000002dfc484 [0x0000000002dfbf60+0x524]
J 1477 C1 java.awt.Container.processEvent(Ljava/awt/AWTEvent;)V (22 bytes) @ 0x0000000002d48ccc [0x0000000002d489a0+0x32c]
J 1152 C1 java.awt.Component.dispatchEventImpl(Ljava/awt/AWTEvent;)V (883 bytes) @ 0x0000000002c65a7c [0x0000000002c605a0+0x54dc]
J 815 C1 java.awt.Container.dispatchEventImpl(Ljava/awt/AWTEvent;)V (129 bytes) @ 0x0000000002b6d4c4 [0x0000000002b6d380+0x144]
J 1542 C1 java.awt.LightweightDispatcher.retargetMouseEvent(Ljava/awt/Component;ILjava/awt/event/MouseEvent;)V (350 bytes) @ 0x0000000002d7909c [0x0000000002d76b40+0x255c]
J 1716 C1 java.awt.LightweightDispatcher.processMouseEvent(Ljava/awt/event/MouseEvent;)Z (301 bytes) @ 0x0000000002dff7cc [0x0000000002dfe4e0+0x12ec]
J 1430 C1 java.awt.LightweightDispatcher.dispatchEvent(Ljava/awt/AWTEvent;)Z (73 bytes) @ 0x0000000002d1d6bc [0x0000000002d1d280+0x43c]
J 815 C1 java.awt.Container.dispatchEventImpl(Ljava/awt/AWTEvent;)V (129 bytes) @ 0x0000000002b6d464 [0x0000000002b6d380+0xe4]
J 1451 C1 java.awt.Window.dispatchEventImpl(Ljava/awt/AWTEvent;)V (23 bytes) @ 0x0000000002d2a8a4 [0x0000000002d2a2c0+0x5e4]
J 1059 C1 java.awt.EventQueue.dispatchEventImpl(Ljava/awt/AWTEvent;Ljava/lang/Object;)V (149 bytes) @ 0x0000000002c012cc [0x0000000002bffc40+0x168c]
J 1057 C1 java.awt.EventQueue$3.run()Ljava/lang/Void; (60 bytes) @ 0x0000000002bff08c [0x0000000002bfee80+0x20c]
J 1056 C1 java.awt.EventQueue$3.run()Ljava/lang/Object; (5 bytes) @ 0x0000000002bfeb0c [0x0000000002bfea80+0x8c]
v  ~StubRoutines::call_stub
J 756  java.security.AccessController.doPrivileged(Ljava/security/PrivilegedAction;Ljava/security/AccessControlContext;)Ljava/lang/Object; (0 bytes) @ 0x0000000002b50266 [0x0000000002b50200+0x66]
J 760 C1 java.security.ProtectionDomain$1.doIntersectionPrivilege(Ljava/security/PrivilegedAction;Ljava/security/AccessControlContext;Ljava/security/AccessControlContext;)Ljava/lang/Object; (32 bytes) @ 0x0000000002b5139c [0x0000000002b510a0+0x2fc]
J 1202 C1 java.awt.EventQueue$4.run()Ljava/lang/Object; (5 bytes) @ 0x0000000002c8a7cc [0x0000000002c8a3e0+0x3ec]
v  ~StubRoutines::call_stub
J 756  java.security.AccessController.doPrivileged(Ljava/security/PrivilegedAction;Ljava/security/AccessControlContext;)Ljava/lang/Object; (0 bytes) @ 0x0000000002b50266 [0x0000000002b50200+0x66]
J 793 C1 java.awt.EventQueue.dispatchEvent(Ljava/awt/AWTEvent;)V (80 bytes) @ 0x0000000002b66af4 [0x0000000002b65e40+0xcb4]
J 1067 C1 java.awt.EventDispatchThread.pumpOneEventForFilters(I)V (295 bytes) @ 0x0000000002c06d1c [0x0000000002c051c0+0x1b5c]
j  java.awt.EventDispatchThread.pumpEventsForFilter(ILjava/awt/Conditional;Ljava/awt/EventFilter;)V+35
j  java.awt.EventDispatchThread.pumpEventsForHierarchy(ILjava/awt/Conditional;Ljava/awt/Component;)V+11
j  java.awt.EventDispatchThread.pumpEvents(ILjava/awt/Conditional;)V+4
j  java.awt.EventDispatchThread.pumpEvents(Ljava/awt/Conditional;)V+3
j  java.awt.EventDispatchThread.run()V+9
v  ~StubRoutines::call_stub

---------------  P R O C E S S  ---------------

Java Threads: ( => current thread )
  0x000000001ae98800 JavaThread "D3D Screen Updater" daemon [_thread_blocked, id=6696, stack(0x000000001d410000,0x000000001d510000)]
  0x000000001ae4c000 JavaThread "TimerQueue" daemon [_thread_blocked, id=7516, stack(0x000000001cdb0000,0x000000001ceb0000)]
  0x000000001ad64000 JavaThread "Swing-Shell" daemon [_thread_blocked, id=5804, stack(0x000000001b610000,0x000000001b710000)]
  0x0000000000d8d800 JavaThread "DestroyJavaVM" [_thread_blocked, id=6048, stack(0x00000000025b0000,0x00000000026b0000)]
=>0x0000000017cee800 JavaThread "AWT-EventQueue-0" [_thread_in_native, id=3392, stack(0x0000000018ea0000,0x0000000018fa0000)]
  0x0000000017cd6000 JavaThread "AWT-Windows" daemon [_thread_in_native, id=2908, stack(0x0000000018200000,0x0000000018300000)]
  0x0000000017cd5000 JavaThread "AWT-Shutdown" [_thread_blocked, id=3792, stack(0x0000000018100000,0x0000000018200000)]
  0x0000000017cd2000 JavaThread "Java2D Disposer" daemon [_thread_blocked, id=1676, stack(0x0000000018000000,0x0000000018100000)]
  0x0000000017935000 JavaThread "Service Thread" daemon [_thread_blocked, id=3064, stack(0x0000000017d20000,0x0000000017e20000)]
  0x0000000016109800 JavaThread "C1 CompilerThread2" daemon [_thread_blocked, id=5016, stack(0x0000000017820000,0x0000000017920000)]
  0x0000000016106800 JavaThread "C2 CompilerThread1" daemon [_thread_blocked, id=3588, stack(0x0000000017720000,0x0000000017820000)]
  0x00000000160be800 JavaThread "C2 CompilerThread0" daemon [_thread_blocked, id=1512, stack(0x0000000017620000,0x0000000017720000)]
  0x00000000160bb800 JavaThread "Attach Listener" daemon [_thread_blocked, id=728, stack(0x0000000017520000,0x0000000017620000)]
  0x00000000160ba000 JavaThread "Signal Dispatcher" daemon [_thread_blocked, id=7724, stack(0x0000000017420000,0x0000000017520000)]
  0x00000000028a5000 JavaThread "Finalizer" daemon [_thread_blocked, id=6768, stack(0x0000000017320000,0x0000000017420000)]
  0x0000000016088000 JavaThread "Reference Handler" daemon [_thread_blocked, id=5324, stack(0x0000000017220000,0x0000000017320000)]

Other Threads:
  0x0000000016086000 VMThread [stack: 0x0000000017120000,0x0000000017220000] [id=6720]
  0x0000000017938800 WatcherThread [stack: 0x0000000017e20000,0x0000000017f20000] [id=4628]

VM state:not at safepoint (normal execution)

VM Mutex/Monitor currently owned by a thread: None

Heap:
 PSYoungGen      total 28160K, used 19378K [0x00000000e0d00000, 0x00000000e2c00000, 0x0000000100000000)
  eden space 24576K, 78% used [0x00000000e0d00000,0x00000000e1fec988,0x00000000e2500000)
  from space 3584K, 0% used [0x00000000e2880000,0x00000000e2880000,0x00000000e2c00000)
  to   space 3584K, 0% used [0x00000000e2500000,0x00000000e2500000,0x00000000e2880000)
 ParOldGen       total 64512K, used 0K [0x00000000a2600000, 0x00000000a6500000, 0x00000000e0d00000)
  object space 64512K, 0% used [0x00000000a2600000,0x00000000a2600000,0x00000000a6500000)
 Metaspace       used 15743K, capacity 15944K, committed 16256K, reserved 1062912K
  class space    used 2030K, capacity 2102K, committed 2176K, reserved 1048576K

Card table byte_map: [0x0000000011c70000,0x0000000011f60000] byte_map_base: 0x000000001175d000

Marking Bits: (ParMarkBitMap*) 0x0000000060aad490
 Begin Bits: [0x0000000012560000, 0x0000000013cc8000)
 End Bits:   [0x0000000013cc8000, 0x0000000015430000)

Polling page: 0x0000000000b30000

CodeCache: size=245760Kb used=5788Kb max_used=5790Kb free=239971Kb
 bounds [0x00000000028b0000, 0x0000000002e60000, 0x00000000118b0000]
 total_blobs=2453 nmethods=1867 adapters=498
 compilation: enabled

Compilation events (10 events):
Event: 13.928 Thread 0x0000000016109800 1863       3       java.util.logging.LogManager::getProperty (9 bytes)
Event: 13.928 Thread 0x0000000016109800 nmethod 1863 0x0000000002e55bd0 code [0x0000000002e55d40, 0x0000000002e55f68]
Event: 13.930 Thread 0x0000000016109800 1864  s    3       java.lang.StringBuffer::append (13 bytes)
Event: 13.931 Thread 0x0000000016109800 nmethod 1864 0x0000000002e55650 code [0x0000000002e557c0, 0x0000000002e55ae8]
Event: 13.934 Thread 0x0000000016109800 1865  s    3       java.util.Vector::addElement (38 bytes)
Event: 13.934 Thread 0x0000000016109800 nmethod 1865 0x0000000002e54b10 code [0x0000000002e54ca0, 0x0000000002e551c8]
Event: 13.935 Thread 0x0000000016109800 1866       3       sun.util.calendar.CalendarDate::setNormalized (6 bytes)
Event: 13.935 Thread 0x0000000016109800 nmethod 1866 0x0000000002e5a190 code [0x0000000002e5a2e0, 0x0000000002e5a430]
Event: 13.950 Thread 0x0000000016109800 1867   !   3       java.lang.ClassLoader::findNative (86 bytes)
Event: 13.951 Thread 0x0000000016109800 nmethod 1867 0x0000000002e59390 code [0x0000000002e59540, 0x0000000002e59df8]

GC Heap History (0 events):
No events

Deoptimization events (10 events):
Event: 10.349 Thread 0x0000000017cee800 Uncommon trap: reason=bimorphic action=maybe_recompile pc=0x0000000002aaaecc method=java.util.HashMap.getNode(ILjava/lang/Object;)Ljava/util/HashMap$Node; @ 126
Event: 10.351 Thread 0x0000000017cee800 Uncommon trap: reason=bimorphic action=maybe_recompile pc=0x0000000002aaaecc method=java.util.HashMap.getNode(ILjava/lang/Object;)Ljava/util/HashMap$Node; @ 126
Event: 10.359 Thread 0x0000000017cee800 Uncommon trap: reason=bimorphic action=maybe_recompile pc=0x0000000002aaaecc method=java.util.HashMap.getNode(ILjava/lang/Object;)Ljava/util/HashMap$Node; @ 126
Event: 10.361 Thread 0x0000000017cee800 Uncommon trap: reason=bimorphic action=maybe_recompile pc=0x0000000002aaaecc method=java.util.HashMap.getNode(ILjava/lang/Object;)Ljava/util/HashMap$Node; @ 126
Event: 10.364 Thread 0x0000000017cee800 Uncommon trap: reason=bimorphic action=maybe_recompile pc=0x0000000002aa2adc method=java.util.HashMap.getNode(ILjava/lang/Object;)Ljava/util/HashMap$Node; @ 126
Event: 10.473 Thread 0x0000000017cee800 Uncommon trap: reason=class_check action=maybe_recompile pc=0x0000000002be4b40 method=java.util.HashMap.putVal(ILjava/lang/Object;Ljava/lang/Object;ZZ)Ljava/lang/Object; @ 253
Event: 10.473 Thread 0x0000000017cee800 Uncommon trap: reason=class_check action=maybe_recompile pc=0x0000000002be4b40 method=java.util.HashMap.putVal(ILjava/lang/Object;Ljava/lang/Object;ZZ)Ljava/lang/Object; @ 253
Event: 10.473 Thread 0x0000000017cee800 Uncommon trap: reason=class_check action=maybe_recompile pc=0x0000000002be4b40 method=java.util.HashMap.putVal(ILjava/lang/Object;Ljava/lang/Object;ZZ)Ljava/lang/Object; @ 253
Event: 10.473 Thread 0x0000000017cee800 Uncommon trap: reason=class_check action=maybe_recompile pc=0x0000000002be4b40 method=java.util.HashMap.putVal(ILjava/lang/Object;Ljava/lang/Object;ZZ)Ljava/lang/Object; @ 253
Event: 14.006 Thread 0x0000000017cee800 Uncommon trap: reason=unreached action=reinterpret pc=0x0000000002e0e918 method=java.security.AccessControlContext.combine([Ljava/security/ProtectionDomain;[Ljava/security/ProtectionDomain;)[Ljava/security/ProtectionDomain; @ 11

Internal exceptions (10 events):
Event: 13.930 Thread 0x0000000017cee800 Exception <a 'java/security/PrivilegedActionException'> (0x00000000e1fa1678) thrown at [D:\re\workspace\8-2-build-windows-amd64-cygwin\jdk8u25\1677\hotspot\src\share\vm\prims\jvm.cpp, line 1312]
Event: 13.930 Thread 0x0000000017cee800 Exception <a 'java/security/PrivilegedActionException'> (0x00000000e1fa4478) thrown at [D:\re\workspace\8-2-build-windows-amd64-cygwin\jdk8u25\1677\hotspot\src\share\vm\prims\jvm.cpp, line 1312]
Event: 13.931 Thread 0x0000000017cee800 Exception <a 'java/security/PrivilegedActionException'> (0x00000000e1faa7e0) thrown at [D:\re\workspace\8-2-build-windows-amd64-cygwin\jdk8u25\1677\hotspot\src\share\vm\prims\jvm.cpp, line 1312]
Event: 13.933 Thread 0x0000000017cee800 Exception <a 'java/security/PrivilegedActionException'> (0x00000000e1fbb600) thrown at [D:\re\workspace\8-2-build-windows-amd64-cygwin\jdk8u25\1677\hotspot\src\share\vm\prims\jvm.cpp, line 1312]
Event: 13.934 Thread 0x0000000017cee800 Exception <a 'java/security/PrivilegedActionException'> (0x00000000e1fbfc98) thrown at [D:\re\workspace\8-2-build-windows-amd64-cygwin\jdk8u25\1677\hotspot\src\share\vm\prims\jvm.cpp, line 1312]
Event: 13.934 Thread 0x0000000017cee800 Exception <a 'java/security/PrivilegedActionException'> (0x00000000e1fc28e8) thrown at [D:\re\workspace\8-2-build-windows-amd64-cygwin\jdk8u25\1677\hotspot\src\share\vm\prims\jvm.cpp, line 1312]
Event: 13.935 Thread 0x0000000017cee800 Exception <a 'java/security/PrivilegedActionException'> (0x00000000e1fc55e8) thrown at [D:\re\workspace\8-2-build-windows-amd64-cygwin\jdk8u25\1677\hotspot\src\share\vm\prims\jvm.cpp, line 1312]
Event: 13.951 Thread 0x0000000017cee800 Exception <a 'java/security/PrivilegedActionException'> (0x00000000e1fcafd8) thrown at [D:\re\workspace\8-2-build-windows-amd64-cygwin\jdk8u25\1677\hotspot\src\share\vm\prims\jvm.cpp, line 1312]
Event: 13.951 Thread 0x0000000017cee800 Exception <a 'java/security/PrivilegedActionException'> (0x00000000e1fcf0f8) thrown at [D:\re\workspace\8-2-build-windows-amd64-cygwin\jdk8u25\1677\hotspot\src\share\vm\prims\jvm.cpp, line 1312]
Event: 13.951 Thread 0x0000000017cee800 Exception <a 'java/security/PrivilegedActionException'> (0x00000000e1fd2350) thrown at [D:\re\workspace\8-2-build-windows-amd64-cygwin\jdk8u25\1677\hotspot\src\share\vm\prims\jvm.cpp, line 1312]

Events (10 events):
Event: 13.935 loading class com/xuggle/xuggler/Global done
Event: 13.950 loading class com/xuggle/xuggler/IContainer$Type
Event: 13.950 loading class com/xuggle/xuggler/IContainer$Type done
Event: 13.951 loading class com/xuggle/xuggler/IContainer$Type$SwigNext
Event: 13.951 loading class com/xuggle/xuggler/IContainer$Type$SwigNext done
Event: 13.951 loading class com/xuggle/xuggler/IContainerFormat
Event: 13.951 loading class com/xuggle/xuggler/IContainerFormat done
Event: 14.006 Thread 0x0000000017cee800 Uncommon trap: trap_request=0xffffffad fr.pc=0x0000000002e0e918
Event: 14.006 Thread 0x0000000017cee800 DEOPT PACKING pc=0x0000000002e0e918 sp=0x0000000018f9b450
Event: 14.006 Thread 0x0000000017cee800 DEOPT UNPACKING pc=0x00000000028f556a sp=0x0000000018f9b368 mode 2


Dynamic libraries:
0x00007ff64e630000 - 0x00007ff64e664000 	C:\Program Files\Java\jdk1.8.0_25\bin\java.exe
0x00007ffe634f0000 - 0x00007ffe636b1000 	C:\WINDOWS\SYSTEM32\ntdll.dll
0x00007ffe610d0000 - 0x00007ffe6117d000 	C:\WINDOWS\system32\KERNEL32.DLL
0x00007ffe607b0000 - 0x00007ffe6098d000 	C:\WINDOWS\system32\KERNELBASE.dll
0x00007ffe62da0000 - 0x00007ffe62e46000 	C:\WINDOWS\system32\ADVAPI32.dll
0x00007ffe63330000 - 0x00007ffe633cd000 	C:\WINDOWS\system32\msvcrt.dll
0x00007ffe60e60000 - 0x00007ffe60ebb000 	C:\WINDOWS\system32\sechost.dll
0x00007ffe61660000 - 0x00007ffe61786000 	C:\WINDOWS\system32\RPCRT4.dll
0x00007ffe612e0000 - 0x00007ffe6142e000 	C:\WINDOWS\system32\USER32.dll
0x00007ffe61440000 - 0x00007ffe615c6000 	C:\WINDOWS\system32\GDI32.dll
0x00007ffe559b0000 - 0x00007ffe55c24000 	C:\WINDOWS\WinSxS\amd64_microsoft.windows.common-controls_6595b64144ccf1df_6.0.10240.16384_none_f41f7b285750ef43\COMCTL32.dll
0x00007ffe632f0000 - 0x00007ffe63326000 	C:\WINDOWS\system32\IMM32.DLL
0x00007ffe61180000 - 0x00007ffe612dc000 	C:\WINDOWS\system32\MSCTF.dll
0x00000000601f0000 - 0x00000000602c2000 	C:\Program Files\Java\jdk1.8.0_25\jre\bin\msvcr100.dll
0x00000000602d0000 - 0x0000000060b2a000 	C:\Program Files\Java\jdk1.8.0_25\jre\bin\server\jvm.dll
0x00007ffe61430000 - 0x00007ffe61438000 	C:\WINDOWS\system32\PSAPI.DLL
0x00007ffe482a0000 - 0x00007ffe482a9000 	C:\WINDOWS\SYSTEM32\WSOCK32.dll
0x00007ffe63480000 - 0x00007ffe634e9000 	C:\WINDOWS\system32\WS2_32.dll
0x00007ffe60bc0000 - 0x00007ffe60bc8000 	C:\WINDOWS\system32\NSI.dll
0x00007ffe5e460000 - 0x00007ffe5e483000 	C:\WINDOWS\SYSTEM32\WINMM.dll
0x00007ffe5e3f0000 - 0x00007ffe5e41c000 	C:\WINDOWS\SYSTEM32\WINMMBASE.dll
0x00007ffe60130000 - 0x00007ffe60174000 	C:\WINDOWS\system32\cfgmgr32.dll
0x00007ffe5e890000 - 0x00007ffe5e8b7000 	C:\WINDOWS\SYSTEM32\DEVOBJ.dll
0x00000000601a0000 - 0x00000000601af000 	C:\Program Files\Java\jdk1.8.0_25\jre\bin\verify.dll
0x0000000060170000 - 0x0000000060198000 	C:\Program Files\Java\jdk1.8.0_25\jre\bin\java.dll
0x0000000060150000 - 0x0000000060166000 	C:\Program Files\Java\jdk1.8.0_25\jre\bin\zip.dll
0x00007ffe61790000 - 0x00007ffe62cb2000 	C:\WINDOWS\system32\SHELL32.dll
0x00007ffe60180000 - 0x00007ffe607a9000 	C:\WINDOWS\system32\windows.storage.dll
0x00007ffe60bd0000 - 0x00007ffe60e4c000 	C:\WINDOWS\system32\combase.dll
0x00007ffe63020000 - 0x00007ffe63071000 	C:\WINDOWS\system32\shlwapi.dll
0x00007ffe5ff20000 - 0x00007ffe5ff2f000 	C:\WINDOWS\system32\kernel.appcore.dll
0x00007ffe5ffc0000 - 0x00007ffe60073000 	C:\WINDOWS\system32\shcore.dll
0x00007ffe5ff70000 - 0x00007ffe5ffba000 	C:\WINDOWS\system32\powrprof.dll
0x00007ffe5ff30000 - 0x00007ffe5ff43000 	C:\WINDOWS\system32\profapi.dll
0x000000005ff70000 - 0x0000000060108000 	C:\Program Files\Java\jdk1.8.0_25\jre\bin\awt.dll
0x00007ffe60ec0000 - 0x00007ffe60f7e000 	C:\WINDOWS\system32\OLEAUT32.dll
0x00007ffe5e670000 - 0x00007ffe5e6e8000 	C:\WINDOWS\system32\apphelp.dll
0x00007ffe5e7f0000 - 0x00007ffe5e886000 	C:\WINDOWS\system32\uxtheme.dll
0x00007ffe5d980000 - 0x00007ffe5d9a2000 	C:\WINDOWS\system32\dwmapi.dll
0x00007ffe60f80000 - 0x00007ffe610c1000 	C:\WINDOWS\system32\ole32.dll
0x00007ffe5fd40000 - 0x00007ffe5fdab000 	C:\WINDOWS\SYSTEM32\bcryptPrimitives.dll
0x00007ffe42100000 - 0x00007ffe42310000 	C:\WINDOWS\system32\d3d9.dll
0x00007ffe39740000 - 0x00007ffe3a1ae000 	C:\WINDOWS\SYSTEM32\igdumdim64.dll
0x00007ffe5c1b0000 - 0x00007ffe5c60f000 	C:\WINDOWS\SYSTEM32\igdusc64.dll
0x000000005ff20000 - 0x000000005ff67000 	C:\Program Files\Java\jdk1.8.0_25\jre\bin\fontmanager.dll
0x0000000060130000 - 0x000000006014a000 	C:\Program Files\Java\jdk1.8.0_25\jre\bin\net.dll
0x00007ffe5f730000 - 0x00007ffe5f78d000 	C:\WINDOWS\system32\mswsock.dll
0x0000000060110000 - 0x0000000060121000 	C:\Program Files\Java\jdk1.8.0_25\jre\bin\nio.dll
0x00007ffe55de0000 - 0x00007ffe55e8a000 	C:\WINDOWS\WinSxS\amd64_microsoft.windows.common-controls_6595b64144ccf1df_5.82.10240.16384_none_0212ec7eba871e86\comctl32.dll
0x00007ffe633d0000 - 0x00007ffe63475000 	C:\WINDOWS\system32\clbcatq.dll
0x00007ffe5e140000 - 0x00007ffe5e2c3000 	C:\WINDOWS\system32\propsys.dll
0x00007ffe43970000 - 0x00007ffe43b12000 	C:\WINDOWS\system32\NetworkExplorer.dll
0x00007ffe5f790000 - 0x00007ffe5f7a7000 	C:\WINDOWS\SYSTEM32\cryptsp.dll
0x00007ffe5fe50000 - 0x00007ffe5fe78000 	C:\WINDOWS\SYSTEM32\bcrypt.dll
0x00007ffe5f3e0000 - 0x00007ffe5f413000 	C:\WINDOWS\system32\rsaenh.dll
0x00007ffe5f900000 - 0x00007ffe5f90b000 	C:\WINDOWS\SYSTEM32\CRYPTBASE.dll
0x00007ffe54c70000 - 0x00007ffe550da000 	C:\Windows\System32\ActXPrxy.dll
0x00007ffe5bf90000 - 0x00007ffe5c142000 	C:\WINDOWS\SYSTEM32\WindowsCodecs.dll
0x00007ffe49e50000 - 0x00007ffe49e9b000 	C:\Windows\System32\thumbcache.dll
0x000000005fed0000 - 0x000000005ff11000 	C:\Program Files\Java\jdk1.8.0_25\jre\bin\t2k.dll
0x00007ffe5f150000 - 0x00007ffe5f16c000 	C:\WINDOWS\SYSTEM32\MPR.dll
0x00007ffe526a0000 - 0x00007ffe526ab000 	C:\WINDOWS\System32\drprov.dll
0x00007ffe5fce0000 - 0x00007ffe5fd38000 	C:\WINDOWS\System32\WINSTA.dll
0x00007ffe491f0000 - 0x00007ffe49206000 	C:\WINDOWS\System32\ntlanman.dll
0x00007ffe43330000 - 0x00007ffe43350000 	C:\WINDOWS\System32\davclnt.dll
0x00007ffe52540000 - 0x00007ffe5254c000 	C:\WINDOWS\System32\DAVHLPR.dll
0x00007ffe5a3a0000 - 0x00007ffe5a3b6000 	C:\WINDOWS\System32\wkscli.dll
0x00007ffe55420000 - 0x00007ffe55432000 	C:\WINDOWS\SYSTEM32\cscapi.dll
0x00007ffe5f170000 - 0x00007ffe5f17c000 	C:\WINDOWS\System32\netutils.dll
0x00007ffe3bb50000 - 0x00007ffe3bbcf000 	C:\Windows\System32\dlnashext.dll
0x00007ffe3bad0000 - 0x00007ffe3bb41000 	C:\Windows\System32\PlayToDevice.dll
0x00007ffe4f260000 - 0x00007ffe4f27e000 	C:\Windows\System32\DevDispItemProvider.dll
0x00007ffe59a90000 - 0x00007ffe59b02000 	C:\WINDOWS\System32\MMDevApi.dll
0x00007ffe3b8c0000 - 0x00007ffe3bac3000 	C:\WINDOWS\system32\wpdshext.dll
0x00007ffe55c30000 - 0x00007ffe55dd9000 	C:\WINDOWS\WinSxS\amd64_microsoft.windows.gdiplus_6595b64144ccf1df_1.1.10240.16384_none_89a94c179af51f83\gdiplus.dll
0x00007ffe5d2c0000 - 0x00007ffe5d361000 	C:\Windows\System32\PortableDeviceApi.dll
0x00007ffe62e50000 - 0x00007ffe63015000 	C:\WINDOWS\system32\SETUPAPI.dll
0x00007ffe60990000 - 0x00007ffe609e4000 	C:\WINDOWS\system32\WINTRUST.dll
0x00007ffe5ff50000 - 0x00007ffe5ff61000 	C:\WINDOWS\system32\MSASN1.dll
0x00007ffe609f0000 - 0x00007ffe60bb1000 	C:\WINDOWS\system32\CRYPT32.dll
0x00007ffe53180000 - 0x00007ffe531b7000 	C:\Windows\System32\EhStorShell.dll
0x00007ffe53b40000 - 0x00007ffe53b66000 	C:\Windows\System32\EhStorAPI.dll
0x00007ffe5e2d0000 - 0x00007ffe5e2e3000 	C:\Windows\System32\WTSAPI32.dll
0x00007ffe49970000 - 0x00007ffe4997d000 	C:\WINDOWS\SYSTEM32\LINKINFO.dll
0x00007ffe5fae0000 - 0x00007ffe5fb0c000 	C:\WINDOWS\SYSTEM32\SspiCli.dll
0x00007ffe4d390000 - 0x00007ffe4d3d6000 	C:\WINDOWS\system32\dataexchange.dll
0x00007ffe5d690000 - 0x00007ffe5d933000 	C:\WINDOWS\system32\d3d11.dll
0x00007ffe5deb0000 - 0x00007ffe5df81000 	C:\WINDOWS\system32\dcomp.dll
0x00007ffe561e0000 - 0x00007ffe56725000 	C:\WINDOWS\system32\d2d1.dll
0x00007ffe5d5e0000 - 0x00007ffe5d67c000 	C:\WINDOWS\system32\dxgi.dll
0x00007ffe5e8e0000 - 0x00007ffe5e9ce000 	C:\WINDOWS\system32\twinapi.appcore.dll
0x00007ffe5f4d0000 - 0x00007ffe5f4ef000 	C:\WINDOWS\system32\USERENV.dll
0x00007ffe52300000 - 0x00007ffe52327000 	C:\WINDOWS\System32\IDStore.dll
0x00007ffe5e360000 - 0x00007ffe5e37c000 	C:\WINDOWS\System32\SAMLIB.dll
0x00007ffe46c70000 - 0x00007ffe46d09000 	C:\WINDOWS\System32\wlidprov.dll
0x00007ffe5d940000 - 0x00007ffe5d978000 	C:\WINDOWS\SYSTEM32\IPHLPAPI.DLL
0x00007ffe5d680000 - 0x00007ffe5d68b000 	C:\WINDOWS\SYSTEM32\WINNSI.DLL
0x00007ffe5bc70000 - 0x00007ffe5bc86000 	C:\WINDOWS\SYSTEM32\dhcpcsvc6.DLL
0x00007ffe5bc50000 - 0x00007ffe5bc6a000 	C:\WINDOWS\SYSTEM32\dhcpcsvc.DLL
0x000000006e740000 - 0x000000006fda5000 	C:\Users\Enamul\AppData\Local\Temp\xuggle\xuggle8969441127539879799.dll
0x00007ffe51590000 - 0x00007ffe515a8000 	C:\WINDOWS\SYSTEM32\AVICAP32.dll
0x00007ffe41dc0000 - 0x00007ffe41de9000 	C:\WINDOWS\SYSTEM32\MSVFW32.dll
0x00007ffe3c9a0000 - 0x00007ffe3cb2a000 	C:\WINDOWS\SYSTEM32\dbghelp.dll

VM Arguments:
jvm_args: -Dfile.encoding=UTF-8 
java_command: videotimecalcualtioncoursera.VideoTimeCalcualtionCoursera
java_class_path (initial): C:\Users\Enamul\Downloads\slf4j-1.7.12\slf4j-api-1.7.12.jar;C:\Users\Enamul\Downloads\slf4j-1.7.12\slf4j-jdk14-1.7.12.jar;C:\Users\Enamul\Downloads\slf4j-1.7.12\slf4j-simple-1.7.12.jar;C:\Program Files (x86)\JMF2.1.1e\lib\customizer.jar;C:\Program Files (x86)\JMF2.1.1e\lib\jmf.jar;C:\Program Files (x86)\JMF2.1.1e\lib\mediaplayer.jar;C:\Program Files (x86)\JMF2.1.1e\lib\multiplayer.jar;C:\Program Files (x86)\JMF2.1.1e\lib\sound.jar;H:\Dropbox\JavaProjects\VideoTimeCalcualtionCoursera\xuggle-xuggler-5.4.jar;H:\Dropbox\JavaProjects\VideoTimeCalcualtionCoursera\build\classes
Launcher Type: SUN_STANDARD

Environment Variables:
JAVA_HOME=C:\Program Files\Java\jdk1.8.0_25
CLASSPATH=.;.;C:\PROGRA~2\JMF21~1.1E\lib\sound.jar;C:\PROGRA~2\JMF21~1.1E\lib\jmf.jar;C:\PROGRA~2\JMF21~1.1E\lib;C:\Program Files (x86)\JMF2.1.1e\lib\sound.jar;C:\Program Files (x86)\JMF2.1.1e\lib\jmf.jar;C:\Program Files (x86)\JMF2.1.1e\lib;%CATALINA_HOME%\lib\servlet-api.jar
PATH=C:\GnuWin32\bin;C:\ProgramData\Oracle\Java\javapath;C:\Windows\system32;C:\Windows;C:\Windows\System32\Wbem;C:\Windows\System32\WindowsPowerShell\v1.0\;E:\pc2-9.2.4-2837\pc2-9.2.4\bin;C:\Program Files (x86)\CodeBlocks\MinGW\bin;C:\Program Files\Java\jdk1.8.0_25\bin;F:\3-2\CSE_374\glut-3.7.6-bin\lib;F:\3-2\CSE_374\glsdk_0_5_2\freeglut;C:\Program Files (x86)\MySQL\MySQL Server 5.1\bin;C:\Python34;C:\Program Files\apache-maven-3.3.1\bin;C:\Program Files (x86)\MiKTeX 2.9\miktex\bin\;D:\Program Files\MATLAB\R2015a\bin;C:\WINDOWS\system32;C:\WINDOWS;C:\WINDOWS\System32\Wbem;C:\WINDOWS\System32\WindowsPowerShell\v1.0\;C:\Program Files (x86)\Common Files\lenovo\easyplussdk\bin;C:\Program Files (x86)\Skype\Phone\
USERNAME=Enamul
OS=Windows_NT
PROCESSOR_IDENTIFIER=Intel64 Family 6 Model 58 Stepping 9, GenuineIntel



---------------  S Y S T E M  ---------------

OS: Windows 8.1 , 64 bit Build 9600 

CPU:total 4 (2 cores per cpu, 2 threads per core) family 6 model 58 stepping 9, cmov, cx8, fxsr, mmx, sse, sse2, sse3, ssse3, sse4.1, sse4.2, popcnt, avx, aes, clmul, erms, ht, tsc, tscinvbit, tscinv

Memory: 4k page, physical 6135200k(2305888k free), swap 10329504k(5633232k free)

vm_info: Java HotSpot(TM) 64-Bit Server VM (25.25-b02) for windows-amd64 JRE (1.8.0_25-b18), built on Oct  7 2014 14:25:37 by "java_re" with MS VC++ 10.0 (VS2010)

time: Tue Sep 01 02:50:40 2015
elapsed time: 14 seconds (0d 0h 0m 14s)

